457984401
2108347551
503245041
1589461161
76138011
1680464691
714991761
1530639051
1752254061
601350291
1961392461
1366284681
1231936821
1282355241
1292986521
437808351
92342991
1783567611
408595671
370503711
1045613841
1008237471
105252381
1639080471
849403581
2020408701
943112691
250088211
1502764911
387085521
926822541
637433571
27801381
297163551
1866143211
18671481
35739981
65847411
724388991
909016071
1045805961
2102342811
873136491
322153911
1084889451
2130156111
95911611
1392656151
1786813581
973338741
1438575201
1394091141
1697146251
850722921
701184441
1176748371
2118726111
577753131
41550111
1905051231
837214071
1608943131
177364731
1113453921
120593841
41239131
164682531
1924464351
1707224721
195236151
569389191
1668094041
527305371
2010251241
40657431
429643071
1063169781
1228300371
1315487721
1191156831
1892713221
1623812301
1702828881
38653461
1999913391
49708311
872197401
1019886171
966732381
1709229981
1265289891
1298855241
797036061
1650364191
1526556441
1556018391
1203994341
1272529581
2106252801
867516261
57997551
1847001861
46094121
857253711
345042141
1005574131
1108824261
1427342511
1514385561
384143091
947028501
1244039751
1885026591
1334290641
789830901
873590061
1966738191
1033751751
1035071421
149239071
1225415541
702318291
1849573191
209758881
1847337501
1320969531
848964831
1140967011
1869880131
1941924591
470133831
289207191
470810481
1218696981
375690771
972120621
98565501
510930141
828494181
1893407541
67828251
1967237811
934377651
395083251
76650801
1094432781
748363881
247016931
1981917861
231409641
57307221
405065931
1144613841
366315861
1733135691
358383201
1366137681
1248255411
157884171
711108621
781099221
1138337391
98883681
200455881
1095709491
1482241971
536558031
619929381
82021371
187385961
725363421
1490886501
1940219661
899246451
970593021
502124391
2128157931
572363601
185022651
2051699121
332583531
814742511
1232986011
1804742061
605659941
1989436041
1053688101
1517027151
47467191
383861451
1512800571
666033981
633297381
982442871
989374491
1536323631
1479535611
651464331
1133858481
765731751
921961881
1175903121
2010851811
225129081
1368361521
1909681521
1707497331
751563591
1630307301
1772241261
723300921
1962484251
403323261
119726541
2006106771
110709021
1363534251
1178096601
1003341291
1260334521
917006901
2134755141
2009651481
1859419761
81339201
1192519821
259575081
373586781
1588876041
2044903761
1646552241
1305798381
853104531
2143604961
1451262801
254633781
2049718371
569228271
118291821
1278596841
1581845061
1908408501
1341776001
152501451
1218199131
1148563281
1756195401
1933760901
1500981
1242220341
649331391
2027365101
1794965841
874157721
913713411
671255751
1346126961
402785601
746161431
104639241
144630771
245887371
155716101
1637956791
2043090441
1485427461
131918691
273206241
1798026471
185816901
177017361
1169293791
672675591
1439435511
2102399841
1237746951
1761089991
633802821
967175361
1758121221
1161848541
1748590941
1467707841
59725731
915408741
1967820111
2014295961
603353781
1080561
1296851991
1197920811
649391451
1210225431
1544852391
42005991
718928241
1046585181
2087177481
342166731
125352321
701179191
1243049811
415060911
1679398971
1686095271
2053529841
184281471
1590827871
1606468641
237369891
1074584481
962559711
869588151
2118275331
707165871
1636589931
1372193661
350613291
1101377451
1051373631
380812161
1042984971
1281259761
1930861371
1724434641
1951307841
888134331
251298351
1346402271
1129526721
2016608271
1831414761
1157314131
1914462861
995270781
1856966991
1040058081
611225511
124678971
391864311
935403051
1304905821
88414191
1894260681
2026008651
930985191
545062551
1874084691
1934239821
161223261
48141771
1390512561
1519299231
1242186081
1852793541
180428721
922945911
1840364571
825155841
697614741
937895691
1509995631
1642396731
1067112861
300665751
1387290171
1366782591
349577541
753142251
1799843181
486632301
889351011
1702052511
1755520611
246191661
1686860751
1796556321
1499848761
985433691
1014912081
734633661
817527351
193165011
1015828401
912077811
1778403651
80395791
1125625611
1527383841
1035375501
77380971
697408761
389761311
1809294081
515014371
1911065331
1117730061
850347411
1989161451
788122071
288512601
1597620111
1044790221
1132310751
725765841
1706551611
630838041
265268661
955941141
1076014401
1092015591
180053391
1717593231
1142174691
588678681
986058351
38911551
1392744681
110292531
894913071
1295108631
1044807621
103221021
619776261
1117022361
2077703301
1519795071
1321035321
1954697361
354930741
872325141
1315393911
1258449681
171693291
3574521
1211572011
1613289201
885381051
89311341
1421026851
1818452811
1714474611
1738951851
1216119231
726632211
1032386181
1128338061
2040351111
494856051
1827077481
255765681
1737468531
1085916621
173271861
1946203371
1996710831
1763085291
137916681
187604391
1673895651
2144090721
859490271
819665121
340842291
123203781
938907831
46668861
2136126921
49982211
1963962711
1975651641
430852191
1455929631
2062532601
578897091
315518421
898877991
836784141
460940001
746043291
1740060651
1550955111
37419441
30370791
1915249071
1372292181
1760668041
1604182881
392000121
332885241
2081913141
1689955941
1596718131
818830731
1012885941
1255142541
2136111291
371964621
469252761
1495327101
151943331
130275801
1150938201
827211171
2097217851
775000071
2092610481
1847287941
608357601
563207811
804390891
1623941271
788873961
907694841
511742751
1197386571
1697124771
358549911
975332631
2061008271
937775571
430684731
234584541
1749647331
430210881
1342929021
462359211
1275424431
2072476941
1649449461
1210455651
1081690731
834531891
1574687421
158620581
866650491
1591695471
714357231
1515664011
1251903831
476953281
1853123091
409734741
1949260551
1183241271
1720021941
1506761451
488231691
1101647481
737436171
152025891
983838741
1945788351
2065528821
121774821
487596501
247785021
424904091
492351321
1446399741
470417601
739699761
1893459411
1634719641
819811101
905303031
267324381
1064133141
641888571
975916191
1226335551
1800398901
141558771
780069921
499420551
1356740121
1668525291
1280155011
1040997081
89097921
850624671
775506201
2027653641
304320171
1586882211
1622285061
794945871
1920745311
622396311
575078871
504775551
630359241
1055671641
690934281
687878301
1466967681
1339428141
1577634561
1211214141
787933431
377020011
1901875881
203929881
1559662341
642349701
1983484761
748455471
1707760401
823984761
1424823891
88778301
1569880641
109634661
1900001121
858996831
824786451
1253925531
426482481
1657555731
1428765531
889320081
726961971
205020171
915468291
243405381
1302283221
1240325721
28953321
1916272041
445866501
1139149281
676851201
1017057201
1362835311
2015811651
1384092801
861373671
248263341
1968679101
1916283501
322541841
180280761
156708261
686013681
92819211
912444621
1606204911
1892173941
1829581611
1626119931
1302852951
2072636181
538218171
1695269511
327658161
1361800941
522112071
1320834051
1659159681
1255901541
216409431
2012895501
1837918641
173600841
1935017211
644106021
1244132841
989203911
1680845271
774802221
1879815351
1337263761
2031122691
1494996291
703090221
1664046771
889906941
945217221
229571001
1988920731
1438903881
1211967351
1906244991
645196401
44830311
865471341
1738756041
315312711
1578599121
1726512741
2021781951
1020920661
1660119531
155776161
575566851
848899971
1159937451
212191491
1823798061
599966151
384943611
824281761
1045031091
1716281271
777164061
216694521
403115721
895326231
1228344261
1039057281
2119572501
1130404911
60315501
501276591
47096721
1721861511
1386823701
889521
1506656391
1794632181
1992893271
1750738221
194619771
1800257871
526605651
37686951
1911534861
1975550511
1249925271
2015822481
1979058921
1456723311
207641301
1486064241
266690091
1031570121
1631232951
262619631
1750252491
1615635471
1765533981
1963560531
1298148561
1927670901
419216901
78065031
1576227531
563933571
1603650651
2011496061
658594611
443697711
1640420571
642290901
1804128501
2056481151
889762551
857486991
1169930991
2035398621
1994102931
1965905571
476357841
730773291
241709961
1833174981
617922711
200521371
1317974871
1913928681
1015580751
1384832961
1122582501
1369432281
1212445821
1509024681
1177432101
711407061
1165887141
1329148431
1562723451
1420057941
139539291
627397191
2125927311
283284351
276738801
1395464511
1193326701
1678734111
400280571
122439651
1104332361
2017351551
1788868521
1868559501
1375387191
803395191
1218738201
478769631
88382391
272619951
700548561
550001061
866395311
1476848511
1812609231
850669101
1855674231
1072135431
1892679711
1029450681
1156842711
1970671191
1567428831
1569586611
260250921
1300700001
1605247701
1900072041
2037361431
1575349731
758705751
1164425721
1751099781
487601631
1769696811
1683576261
1610587071
1517858151
1168458231
86011821
1478555241
1102173621
1728949731
1466554341
444311751
1669619811
1334484711
853580331
1175530671
172075791
1191392031
1118268261
353903841
780879591
1776128061
904695021
233288271
1420198521
621535551
202653651
1132374621
809327961
2070717321
212330961
2112060351
1922944941
558842481
840562071
1612168491
1756701861
379106601
1601233461
779930661
2036758821
489712551
2035597671
956024871
1237415361
1585106511
919705851
1901388921
874881651
1998389841
1184727741
764995431
1928653431
1657767891
2121024351
973870641
1484143791
945111261
811622631
1106443551
192685011
818756361
2139483741
2029452561
502383021
1943011341
422695221
283956051
1129053501
1884875631
1225803051
1734851991
2063072871
519819741
646910991
783572361
713048391
786361521
1207184391
769560141
640888401
1564795431
2106161691
1120790871
988205571
1694231241
2106661581
1650190041
602428131
1626819771
774404661
613218711
803288151
1566148431
495982281
1417755081
1785495651
1030955931
223514391
482102661
1723648821
1915276131
509754591
1158979611
1146685881
1034524341
829504191
439214001
2085333801
1386546021
455365881
1635396561
1884056301
1919917461
283685511
1548159621
222323961
836424711
1867987071
1061052621
1095214161
674253081
1883161521
2061922161
355954371
1840275411
1811812041
1931979561
749521971
1648376151
1585753131
1901982891
1376500551
1962202461
1104003801
1787682081
1866307821
1886013561
401536791
2121165351
1824582531
1117868241
659615571
1318908591
1091679081
1253422731
1291140381
1239777741
1136999421
1213530981
570229611
818783061
211696251
1009556301
1768425681
2007379281
1542788211
615745071
2022591201
1660477131
1385803491
215702301
1706579361
937844811
1699088541
1171488741
1081194291
1339357131
352694481
1966107261
394620621
578461071
736724091
1134587031
959462721
1271163081
1270582011
1945767081
626353851
1878789741
1499431941
785168211
31256901
1325186961
218414061
1334615061
943707891
1527281931
720586491
1791562791
925761891
1765208361
1893752181
868841331
179734221
321095031
853839111
1353068151
577636221
475775091
595018641
261032421
1443745911
448099341
2000782731
2127691521
2119110891
1083173181
240922251
135211041
1818583011
2124927051
360372741
817133421
731667921
1258475841
1913954631
596804241
1896478791
1012889871
1800328101
684006741
12070251
1280357451
396825441
13659351
1427425881
51550641
1435723371
1658904411
1995761841
2095067151
229406571
1782244251
2133286641
1162716741
144958881
1701848061
1497028071
822940581
1919971341
1682241621
155538891
213852051
1454411811
1970375001
2037598431
84268341
1248320421
1326076821
435587811
1982239371
1143731271
1964359041
695686551
1161291561
1418133411
477299541
880434621
63169581
1035186021
1967094861
106843491
1833548691
1342408581
237741621
1634839521
1205540151
2105218251
561706341
817523091
1106658471
323156691
1758699801
1943035581
467976591
259756491
2080566141
1968926001
290919171
422413281
1316494131
1566517131
850604961
1944812691
784003731
641506491
1307962461
1051849071
570498801
575764281
535305531
2009266821
1083805671
1526699511
405404751
303650211
1491073791
1932376971
560127711
250744371
2047299621
1325551461
164085711
1133347611
704542251
1218676851
1902866121
1356023931
2115228171
1743614451
414099861
75628041
709450161
201952431
1379842131
2076270981
568507641
1439781891
49748511
1304031831
1544367261
1894714101
1550003181
540766461
390729861
941569521
74606181
357527331
688203381
1208861241
1043277261
758715981
2065805691
458054901
1501433091
1102342011
1956866691
1172061201
818051001
148281021
530936451
1432436271
394417401
2056258971
981615651
801074961
1020628221
470010441
772222311
643194921
583948611
1571266881
1861790781
883928781
1385821251
467317341
872082951
1674079461
776443941
1371133731
1892650461
1334038491
521003361
1017283431
1235151981
844044681
1496569971
1903966941
741982821
299601561
1873114731
1227967221
1176233271
586094721
1643161641
475343631
1842977361
347957151
467925411
1042569441
1404468861
491336391
178654731
397080021
1607895411
707878761
1095336051
1404741261
1325041521
110532561
1310242461
1966612641
883147011
45408711
624109821
900636381
1581343221
1989434181
2030898051
1427820411
443679381
1221350181
1583794041
349396071
771475311
1917775281
1447220331
344058771
1152902391
1893860121
14465841
1565023221
39354741
981093021
405679311
1318228371
1885679601
1256603061
421922301
2325021
404531781
175125501
1304069691
969222501
1761537351
2141091981
610027551
182496381
1941664311
1661425401
358885911
2035344681
949114641
261241371
1842839991
237432111
1349476281
1816804161
1537144191
1076937561
1593940041
1058069331
459895821
59379321
908043231
1989193701
540228141
1926352191
1156553691
1219980261
711883401
1241033031
1739724561
1142730771
567721821
480548901
979077321
447993381
1983115791
1368773721
2115664731
554613561
22010211
1012547961
2038295811
257425431
1261050651
1273460811
1785759201
1951780191
1269620361
1442679681
992630661
671164371
270932691
442179081
1411668771
1168492191
1578953901
1797310101
2007062661
29016351
1278873291
1577500551
2104403991
328746051
1432788231
1172456331
1845461991
1283360391
1802772231
1829769261
1237124511
1811809731
777736731
539567031
1663349181
151674711
1893648711
96563391
322652901
1807386561
1310164641
4669731
