1776932508
239311218
821233218
870484068
1568593158
196790898
1938864678
581783568
591981918
1493761128
900483738
869422218
1758448698
2136665148
1080321498
1963111518
1708781598
1911609978
1713327528
95121678
982208778
1793552418
1915074738
1963937898
2082813888
311342388
406575138
1002892158
196040298
170813598
781093818
936265458
1428605838
390348828
1038806178
1979157018
1900022388
1422743208
5556048
656167668
1070716878
332785038
2078011308
718715538
667743138
1501684818
1161905988
1577774508
1947607368
894959658
459550968
2050719558
616972908
187808868
577238508
62107098
824519268
1859927358
246386148
1001583168
2052202968
1104064488
2103063168
1521280788
1907724048
1846720248
2112372348
1753769688
1564128798
1746070968
1628620548
1111288548
1560688218
128923188
1785447258
749792538
1239641028
51641238
477924498
1812337698
2126460888
647294448
1826015868
75725628
1254728088
2097598668
1322328348
1971308358
1978118748
341302188
581995758
1962176268
1642337868
1967233518
469685388
1997243958
1248464868
1414187028
196894188
1052735868
103704918
139544748
995361528
1027438668
1335837708
445156728
1189791288
1929570888
952647168
1579728108
59382978
372121278
341058048
1522037838
1459930998
344578608
1296071628
1303966338
1682083578
1830061278
2092728018
975099228
434095878
2085437658
1612403628
1483076508
2051399988
1897575168
36772668
1175809038
433228158
915727308
1580371518
82460688
310491318
913125318
567362298
1020694068
2022246948
1364614638
2030294628
1234588008
1073617038
868286568
247934748
1488839538
811790058
708271698
2088618228
92644128
1845030348
1223096178
246413838
137032188
1769974848
319830168
1602664788
406318008
1715419908
897786318
770249088
29580258
1854639558
1553604078
647274288
1304476578
103913328
1479325488
32656428
856062498
1826843268
1736369478
569550168
975580068
1365208218
1408050108
380247438
1901872458
1776206868
293950818
1437773568
1357093548
1596915528
1386356988
1691624178
1441608168
2137236798
72846138
1544301798
1733478408
1383547008
13852488
1496296428
775473438
385238928
1245105528
1407952728
1464816588
594073458
420650478
1228576698
387357348
1554406158
1102405218
928225758
460401138
130317798
1341072678
709136628
2045790108
345769098
1752189738
1904087478
292514298
511652448
2069968308
1633746048
666267588
979616058
1328952138
731681748
47548158
410770188
1474753728
617800608
2102488518
1074678528
820364358
721990578
1269387078
1616552178
1380882228
1366334658
1792466298
277176978
1339012638
134546718
2138193948
634335138
430657038
181241628
1546386558
1246270398
1604415078
556904958
1611938358
1369430058
1278043968
1666028838
1822345818
1641929718
1063885518
118533738
35652588
1639328868
697819608
1423200018
1398575688
1363638528
1337377458
138916968
321103188
1478862288
262744038
1508916858
742328628
1405758258
2040159948
215797938
1782055938
400044078
1835357598
773615148
1283793498
1233113148
368629158
1502747628
159811698
1824519048
1825592838
50698758
1049959848
377771358
1110234648
452040138
1475892048
1199935218
147837198
1957159008
598645818
2086038318
924948228
1598625558
1878587118
1697706318
1727459058
1722896718
1907797968
2079678468
1306082088
227585628
653422638
1707882528
2045309628
1537265688
1064257938
1214419518
2136570228
1406735838
811997838
1002970038
386445738
1415042118
1262940558
1219208838
1296537108
1699302198
1098954858
1967188248
701957508
1693449708
1243455708
884533728
1531126398
1434259308
455264268
786097218
1641169188
761998998
1440806118
316353678
598751088
1797843288
872301678
1974893718
955575708
1059520488
101653578
1559543568
1915764078
1538287788
1521963678
377624628
987238698
214573578
681254748
1682313618
590230518
1513926198
535382268
844412988
955948518
2069271288
1892357898
1372880268
2007862518
587311068
1921603368
61070508
1360603008
1281465018
727424268
847453308
1036668288
358244358
473302608
1374363558
1129644738
1076706888
1369187748
318343098
370214778
642446808
1149625698
1957678998
1649507838
1506235038
1222809108
459714168
1958192388
1892220408
356509818
1956449418
1656795198
843480738
1958574108
364111218
1967414478
1688273388
1095644208
1726901268
1560706248
1329517338
1154419938
83479218
50027058
1561178328
811084188
924926868
923995698
2139422478
228139128
518028978
981352308
1505515278
1816396818
245963658
1076884728
1334197128
1362083118
282613788
1228965588
1527657858
1541145708
1592197848
1148593968
451156878
382328838
1726906278
1896182958
55383918
2094915978
1218742428
806201088
81006918
782707458
1223490078
1505880378
1203920358
1584223548
1412794308
750346578
771305958
1783411158
1670863728
689948478
367644018
1340092548
800126928
365020068
975536748
1357221168
1906482438
297797988
193546878
1545416328
1431709518
1801898808
1197498288
1492293318
878573688
1328822268
1118875668
1609489668
21795408
1185646398
1720926288
1885638558
602040678
1378725348
1107433548
1573755798
13441818
2033128908
1050817458
1982554758
348657078
1160941248
449989008
2058172368
695959428
1028861448
1237650738
997554498
470699538
1488259998
737141868
410867418
636666108
1519625088
1894905978
790105908
325813608
144154128
1861967628
1390567278
590757438
2058466458
1183679088
1425420378
2014489968
72295398
1193912088
2138342298
1493037228
1164667248
1805076138
1772898828
1197339708
1873247148
2005910208
1646267808
1251019338
1407591288
1110344718
187544598
551943798
1951881948
1829982588
1731916368
1325045538
371065908
212204868
2106398718
355491378
595287798
922865538
595303728
913664568
575385918
672350898
142914168
397655118
884840988
119416518
1350256938
1389475008
2102768748
738325458
860327118
862051848
810311298
615317988
2136989328
967854948
1626322278
380988528
1849306398
1354492698
624811008
1589427978
1097559828
294304938
1782323058
876856578
1433978508
1843052358
1049863548
2016788358
1618571388
705144018
1253521458
1400964348
129987918
1467090408
719709888
1591897758
1450205598
1763957688
1412299788
756153498
1419957618
437660448
1004824698
2074189668
203120568
981431298
635181738
77508738
903642168
1181504928
1029554988
1547646438
1621045398
526804788
1913866968
1319299458
1924037718
1032046068
1739346918
825338178
2041905618
335104788
980314608
650207418
1721846118
92997498
1405412748
1848037068
1064465358
448796148
20250378
1162217538
1363852008
2130803718
1502903958
183049818
1143013398
319584588
604509408
108530118
233951058
554216238
1137497268
355311678
1437542718
1680270438
1228954098
1024532208
638048238
2027572818
1345704108
14462418
1101610518
1217852418
1375261008
2074086318
561215778
1490261628
1681668168
164424228
1081673538
1004159538
462420228
1237533618
109388058
845512938
1833158748
1365818088
440306478
373125948
1904359848
479690448
1357424718
235593858
1877187498
1067539788
1005762378
1033953888
610545978
1875700698
519838968
436954908
250441038
1582893438
1530103458
400212828
359250888
971939028
1135391658
1040738988
748769178
751642368
1436609208
1085628768
2041528908
187181388
1825767438
2113937568
1005158418
745318878
216689538
1164547248
379638378
1989192228
1412787738
1296422118
1068098088
1694693148
1508781618
1603506858
1153156038
1392971718
1987463928
1140980268
1183705008
241563648
1579401438
1611967878
2108489658
2061818868
508968588
75335268
10968948
1881692838
833459208
811422048
857056338
32628258
319655478
160582938
965430978
753118038
1332768378
1856705268
1128759918
1181935428
1249862748
1626603738
911388048
1420857558
1640733498
542961708
1921215498
1168076238
1104676218
1930122228
364719198
1847705238
1413451278
1402072668
666309768
1688535318
1382418228
2028992358
2113497528
356426748
454422948
751927338
1066748868
796948728
1524489678
25499208
236150538
254763438
317255538
984751278
1781559558
1198469508
1574670198
2048053728
271119258
913338228
1888690008
523977948
389490258
460846338
1645341018
1021156068
872884878
1210620558
1639646628
964639908
52186518
1904730978
664294188
924065538
1223672088
1394879448
1853596188
1233465318
1072000398
163146948
1775949378
468519138
1889918118
1155590808
81827718
897991038
1291759278
43282098
534883038
616515588
633239328
1753056798
2120301438
618137478
817079658
682263858
2074163028
794611458
1391356368
508465038
1226629998
562899738
303750378
1853063238
1893705888
1770839808
1424215788
546729798
586761288
708245568
1701043068
1505354958
123438888
1676235588
1683412848
188050008
411851268
1824569208
238442628
188841858
1125531048
719214198
274827528
375289008
1446387318
1403575308
1141321758
986322138
727599108
1310541468
1183752288
1036198608
382449288
1028382078
1249145478
1011392388
973753968
59962908
1511587698
2016142758
1932465918
490205088
1107614658
585252378
1820754708
1219061418
611338158
1733737548
116320608
16262628
1848829638
1933641768
752790858
1914832908
1396942428
1663262418
255095718
1846859418
437604588
1504489788
1161345678
30147018
143521098
295563198
212547108
594464868
1074433848
1957144818
85705218
586060698
1415219928
1923049188
431716668
1927615758
1197963768
507658458
1378852398
184574718
1633018398
746958438
293617938
1718383668
1294170138
2122567848
1699829148
713704728
217541358
1201662228
1572253788
358809198
895714338
363794328
1442102778
1225564668
739407738
1362852948
1290289188
552851988
876228828
867454278
60662358
1645002228
1903890288
447477978
304606458
1072641258
1122470298
1861943238
2056430298
716239458
978713028
649484118
1950676338
1208524548
1899294228
501750468
731974998
457453818
1845782058
53011098
1499105568
1652771418
1943486328
1871755548
301133448
1975714398
1865844348
602079078
1300258788
648173868
1932876798
847848558
123963078
1489506678
1548911328
1986827208
1917382758
1507600248
55853658
1797794028
540331998
1266896118
1374748008
486499128
612043698
919100028
1137562908
87170028
219802218
1139412288
2120038788
656156418
933368298
1870046328
1739613978
1849757988
942204408
85072278
1436671008
2003253018
1661225658
1184865678
1373640948
6017328
1861785858
1763691798
1132543998
1013050698
390872178
1454843178
1150817088
2054213388
71839698
1391113398
79583448
1984538958
64448208
849273768
213213558
1278626088
1229878188
1066160718
435933108
2123648838
1686491958
437950578
1456277748
157801428
267875268
397758798
1081052838
1139761668
925336818
782148288
65777118
849887538
1129700178
1458272808
1886937468
1615387668
844702488
67771428
363372498
351104478
1424545998
2056574838
1057193928
1265024118
116737068
1128682878
1483240548
718170258
1768177188
304010718
157212678
1721714748
915357588
1042782948
1995012498
568706958
50923188
410127558
1250140638
1751881008
178303638
566428728
1562211108
261175998
46959318
1178178978
687571398
788506998
1233258018
149131338
492801078
472310118
1694685918
1244590578
1033859238
1903885938
536750328
650737548
49857348
752814228
1669826178
596595558
617375988
735663138
428350368
46269288
1969871118
1692536898
1957644348
572514918
929562798
412916988
79564908
865548588
220893738
650582868
825405978
505380198
1927817478
664920888
947669508
2091823038
1669646958
24331908
897140748
1495072908
293431128
265758918
307335138
2144500608
158608518
236950248
988136598
1625426028
506784108
1661466318
27725538
1213038648
865002678
168237858
1664674668
1810214778
748336848
450893658
1384107948
2092240218
1088713098
512373588
842414568
314952648
393225168
300684108
1065411558
545711598
626723028
492255378
1778533008
1103722038
1688256258
1923780108
725282148
1254668718
1624201998
1534605348
897135108
240178998
433772688
1397176068
2121586368
1531182378
1167140598
79265238
1067643528
2134840908
1805945838
1900764348
674019528
560453868
364271358
898839168
22580148
538712268
1769404578
1164968238
117932868
141792798
676712808
554053818
1220499498
960411348
1440948648
1585902828
1710870588
1866321168
1496154918
2120198478
1291434648
1014400338
531495858
1491588228
1587931248
15094758
1322561718
553827888
14432298
342229278
1111234248
1552040148
1421990958
47824398
1343316108
1798028448
2076038418
2107830318
1525578798
1536109728
318941448
1325209308
1386009738
1097172138
962965848
910084518
1941657378
1494763338
518703828
1015680108
1110774798
1421122098
793911348
290159028
353681298
1450507338
1201524318
1653900048
1258507128
1390325838
1631039418
1076493258
2109307758
197725638
1022126388
1719457998
61024368
1703572158
2014086288
1750293318
967184808
461641728
990115608
2108317908
54698598
196312728
1512207468
1809528768
465484098
1297879578
2041731768
1655363958
1319754828
460709088
213465738
1603336488
906239208
154830918
2139264948
493448928
941989068
216413688
712966188
2129080428
1905503388
1628127588
296163558
469096248
1657497678
741433758
1104050778
1750665738
1055778768
1398754638
253885278
496422228
289276068
420574908
1860765498
898713618
87794238
1593659178
488550138
450008898
1550437128
676061808
854853108
1882428528
510992268
687720738
649381308
1163674248
1923015708
354474888
927473658
622030578
300847068
1422293718
231036078
1770486888
69343158
1212659508
1853015418
1201567188
2020859358
1976893608
1689688338
268148838
2001795348
422932308
980002248
321351648
1487858028
1448372358
1051731798
365258958
1687322898
790132488
171326628
411073098
99498768
1038490548
137059368
1661668338
616525098
586411998
1770517908
725515338
126816018
1164174978
1918632498
687875628
777370638
392269968
840066288
449737998
179182158
961357608
2103097548
895324998
1694053638
1990859268
1974454728
537708078
827794008
789119238
270492558
1099842618
1559581428
1762023198
1377914478
503971488
1583736408
1018499028
494951178
135617088
1781302038
1153911888
619003638
1520474538
1342773288
1484961318
914006148
353401038
329525208
1035092208
264188688
196168458
2108086488
1189884798
1142293278
336558048
59186538
2043964308
1836846228
1217206098
1495625358
1434060648
1234601808
1890322938
943418958
623968908
150644898
988558788
1138778658
1023411918
37335468
703177098
958171878
151443348
187336638
609131148
438237168
787935798
1821209958
350332578
361899408
1634132718
1157656488
1704331548
304498278
1345795188
1978705878
1713083688
1331092158
1968967788
2090390538
516794598
1342940118
552749448
603043278
1291971678
2141621118
1332344538
585221568
1958328918
1522255428
1046037588
1092469608
429781518
1849881738
306996018
115698078
1353026838
302937288
1810234728
548102598
1890398268
1404802668
1158792348
143721078
1524007878
2032401408
1051143168
399554028
1857554088
1152689298
872000058
109913418
518145408
1022788128
1540956708
445369608
1339444308
1241719758
1429596738
325629138
32707368
1688351268
968280798
306299058
876442128
1564689408
190117158
494299188
785029218
579997248
515419038
2115052068
1083526338
816408528
1642307778
543723018
2108949738
1739699238
1484652168
731597118
