2139026139
2024417649
1447181889
490959309
392513349
1748511579
1131766569
1301525229
2025802479
1727849109
1083053289
386813859
1776116439
314585049
113754579
1029407409
161584869
924581529
248295189
1428979029
1005988779
135944469
446386809
2075702469
968003769
753259539
480727479
1270389
850764369
535182309
596446929
1462793079
263693469
1854619479
35327619
1317406509
1020836979
914611929
1756745679
1878102129
2031991269
932229849
481510899
1638336219
1140937809
669884559
2088195129
1521284529
1734373959
1089711309
1581656949
542218629
2110329099
1911544719
78030549
1553912109
1444676499
1062396099
1289936259
1243968699
914872869
224223429
365575599
1055642499
583508019
1492123239
487216089
74900259
431153949
1376956749
1121890119
1768428759
1125812289
1966881609
831789009
957039399
1459575459
1172857959
1016259429
2023734159
7174089
315140529
423505359
1057358829
1807066509
1653080889
1441850559
213135819
1847936589
1868334039
584307039
748287099
209794269
257774259
181738419
755862099
1825165899
1780539399
410559219
732696789
2014757679
1234208019
1710287589
1573056609
889108179
530733759
2144427309
2029060059
1431215799
525489609
1387606809
1808090769
1570714359
1636349319
720731499
469787409
2049037839
787632099
1704090129
334263489
1656046269
2140912899
802935339
652693929
799671519
1564685589
715629639
1581998619
956132259
1309809369
909819069
1313432769
644556399
881636769
1931088339
967983819
1472684529
1086673749
1869529869
1526832069
844898529
1047702939
99515769
1872182739
441880299
1771114599
1078744659
1404535839
893598249
926798139
1061887059
1104186519
1219322469
1020417849
22223499
262413909
1909300479
199459899
408286209
700843869
1407987159
147008349
771011559
752893839
913103949
2082731979
1121182599
771725859
1316533329
269786619
2106888579
577512009
1910419779
1356051849
717008739
222530379
1240788999
963507189
738824109
1302580149
2123975559
1064911719
531439119
172160469
528308709
956090769
1544907729
588069009
1798589979
1373319639
205012629
723322239
90565359
678929949
525432159
366219849
971184729
233673039
1717020489
1118339319
680386869
447798969
536545989
92373999
186328389
1145901129
988453779
953614719
172368759
2077136469
1627864299
420302259
870856239
545726199
716539179
1401200889
1473774969
1576837449
2126632839
1893897249
1546345329
578848509
2126195889
1630394049
2119026549
375789759
409440939
174435999
1176027549
980823249
163704219
7234119
790607499
25135029
1847478069
1929365379
580828179
942249279
691739799
121896489
131087709
1059032289
1720485579
1284391719
1962108819
1055207229
1300725219
1567560879
2077288029
951598779
1904202639
1071122649
1600637679
104076759
1451633169
1502391549
633317469
2111441559
2101545309
1304122089
986096259
1183207089
701862879
2145326199
2125215009
1540639359
466166889
337663419
165445659
1318093089
1899034419
1169518419
60028029
1075856139
1658263419
643540629
1953638889
1704048699
1787135859
1339502979
1146512619
981980169
855748599
2079741099
422229699
908319879
1028561469
245676849
1849155999
381535809
887498169
282114819
1824738099
1786908399
520330749
1891297029
304734759
343321749
2005370889
2123758419
591301449
574960689
820058349
2009806659
1367088669
1110423969
55299879
1712130849
1254694209
547424649
2009201949
2036869239
497192469
226211349
1495492359
912286509
275569509
1583431419
1141720629
464037939
449360949
1696481409
1275679059
2010563439
2124380019
805041609
1042717989
135656379
689806899
367760319
705541149
404560269
312046149
1943175879
1959236259
1912313289
1120611459
1568318529
662497389
23427429
60198009
1960666329
1886808849
897112449
931261569
1717657989
1613227479
42256929
1114767969
579406479
1505863899
738287379
1235649639
1502882979
269450979
2112837729
359127579
1777533099
1166297379
2070388029
975342429
123962139
851024379
546280719
347133879
1639847499
197600799
1489991139
1058267979
1173976419
1154618739
563109459
1671052659
36188439
1909088949
579863139
1377071019
293523579
1416880449
1726555359
1113963699
626038569
1365289659
159801879
1374551589
1584782229
123920319
595575249
1928166639
987140589
1292699739
44528709
918686559
2015435619
1392826269
1485969939
1215375639
125385609
969435879
1218674799
1266388329
135613689
815486319
124387899
1029835719
1415022339
931670979
1132972509
873462399
1542420159
341564799
1551986679
2146401369
622210209
352369539
1683616329
700848849
490717779
1803591399
1490067879
1076079039
135367629
1300379679
790334859
619133799
1464006729
843246969
889519629
554046279
2129236989
1864495149
488592219
238939899
326672769
1034268969
163595049
360787539
1599656799
925421079
1475503179
452933859
1396415499
149819079
1275325479
1048048629
892434909
1441090029
1315447179
189354699
1324842459
843238329
476222319
955242519
1102493709
2137970829
1948691589
393473619
1539799869
256543599
900714459
1468381839
838641969
1370419509
281007399
335720769
819076059
900781179
1436614329
139351749
1419546669
2084702979
747011379
1380634299
707400099
730669239
1481171319
415922409
170281989
79022559
1673920599
1971413889
2084893659
548799099
105944949
291956949
323966199
1498299399
215127849
1273991799
1333719249
1079526519
350327139
107648679
252427959
429510969
641602629
1098660669
836658189
2136417339
1948339659
238616079
1845033129
1802866449
855349119
263472459
676605939
533600559
999770379
1970324619
1759100529
2035530369
1284874089
220941249
258120159
543277989
1488733659
929123859
1555610079
129020319
840150519
1804416699
681817119
703793709
40625949
439433319
1755933789
2061630669
1693450749
478918329
552959289
1254879579
1629684249
285067689
607728399
2082679269
393322959
1043793759
1308015639
239247429
942152019
1875380529
1142251929
1527765039
733618539
1699895409
499350549
649961589
235866609
1997247729
183019119
452489019
1652399319
1623726879
1367331969
1053708369
1376763219
1958143089
1387691169
1637058429
680268279
753856959
2120185299
381488229
1465951809
1630766829
2111791989
1301095899
1840280739
489017559
1748902809
957437829
2104360479
52744779
992388819
1509145629
2053511259
2094477009
323148639
2128736049
961276089
221583969
183741939
2137630689
358261329
314319969
471288159
921239379
1388563689
709802619
1715607759
1104031509
2002451049
131577669
1480982979
773549259
1971332769
1588920759
257117949
902487339
1899701019
796393659
759447099
1661597829
1453850919
526328859
43992969
2103761679
244486299
1782765909
754793229
755610819
911746179
1620927669
1720919529
803315919
123942009
970326009
1459815579
791615739
1538676399
536160819
617516049
1202626509
403522269
645965829
778949769
1368820809
357253059
1414758429
922111329
753619749
89807079
1854056559
764621409
2060352129
576100419
59412969
269825949
1023532659
1812444489
444653559
1509633129
2013392949
360032199
860665599
588973329
773183019
1391064039
1105781919
2119246269
1621172979
1208020809
2110478199
1767391809
1010721219
1055879379
163321959
1203667509
1702719729
1353142899
1527875559
2131163169
659275449
632779599
61926939
48262569
59219949
418365579
282343659
1795221009
1880560539
1075826559
1054531839
640186599
678892179
961535799
324976839
1893390969
729580149
1814546619
1831814739
1975028169
540138879
1237411809
844992789
993239649
1779692739
222155049
209780079
328428879
382005579
437750859
341915109
1384984119
1136667789
948400089
1488601989
818231919
1848244659
1219506909
405350499
856443309
1807292169
1553331489
1983188829
236514519
1093448829
506508609
807917379
615602289
1059104739
1502451609
126840849
33162399
861771429
736382709
1709314839
110371329
2076223209
2113473249
2079277299
186209079
262139019
527483739
1727426649
105747969
1023786459
352453749
762489459
1215962559
470625789
325281189
348878169
242973759
1888553919
1172464689
849107049
1274703819
2044393239
1257178149
944913759
1762777539
678221709
343822989
723429669
1115351889
1143485739
1831690539
1645860309
1984902309
1422771639
945950619
1452592149
1924133469
848629959
1462494729
1061136249
1624922709
507010149
868910439
334281009
969832599
1020079839
2023606779
1651550019
488999739
788108049
1308387009
1273270419
1785693279
1423218999
189724209
2112541119
688334859
355686099
670415499
340116129
895084539
2057321739
1832388909
796452369
157816989
310728639
709459479
770111709
1527722439
995933799
1981104099
1546794369
2063981469
1138867749
940608819
1276204149
124778529
429801099
311592639
216369429
1748377509
869019699
882417969
1805626509
1875958419
688609779
397921089
1303501209
897024669
618542829
312448689
2094791859
1825212609
786706359
1594315299
109485579
477003039
829245279
1306895889
1898766849
793511739
237257649
765154749
2115307959
43767609
1162797189
199498989
1069563129
1020582099
420650049
1454562669
835038309
436367739
2027860569
1136758959
1287743709
1524208239
1924485339
2092174599
136690359
1301990589
440232669
690288639
1065312819
1769674149
110553789
51552129
189698589
738276759
1399113279
2124290199
174789369
824833959
1618120779
1170079719
140125419
1563631659
1135786419
1516359369
1687020249
1915154259
1635051669
733039179
1814878989
876218409
1019988339
1427535609
903676179
1710650709
717712359
588340389
244433049
1295531409
2146961019
920151909
130955019
1498703349
1784445849
294105489
1115410509
1767421269
1880842509
210193299
553011759
1549716699
982198179
2086404369
1959099369
160493319
480611829
2023147869
1587944469
36735819
2025840849
1008334779
190090629
1873986069
1257780609
1796387829
2074918329
885570999
147046899
497228589
1742406729
2010002229
1949080209
1668999609
445031349
1537800489
1370482239
667042209
255154899
1093342839
465656349
343957839
756357279
777630339
961724769
500596929
710127819
395948739
960125199
2117397699
602198529
209997039
132505899
568483479
133558869
1228248069
1552480719
1712163309
471155799
50694969
326004129
285294549
1761984939
2101583439
1872036549
49929519
1864469049
1577745549
1552508859
1715498649
254338899
339250449
614209359
2120270289
585013599
1661026239
328576959
2009929389
905524749
1481318919
1163400759
1680629829
292673319
1220558529
456892509
208850529
96467379
2127308859
2001162309
448199799
1653366309
1392798759
274289949
1015867809
1782986949
407196459
295392249
1294427889
1989481419
1771905639
1300417809
1444176189
1250943429
666061569
1815852639
1606896549
1377035229
1146114969
225954669
967968519
6000489
2035067409
408630879
1623051219
1284553539
1471282539
2049626649
1067667189
692130039
81931809
1427883249
1083918219
1968904359
1042083789
1643660049
1027751739
865492989
1925574759
2021614179
1401172239
930687879
866134509
414277959
1260915159
1583086089
32118759
315529749
221935089
1571297079
2002831329
462040119
782025189
573663489
1175268759
40836969
633333039
1180866099
97074999
1961974929
531601149
1914666999
1376153859
860081589
1840993749
1662422379
1507015599
1557197829
56102949
320846559
715588029
1194833919
815014629
872151219
543631959
1387209609
346821609
660649929
2016538359
498548709
1890271839
2071710999
2027943189
517518969
23649639
1657929039
2004552639
427630239
815510049
1910213199
1066872459
1940087889
308068569
1746587619
1557240519
1134357489
1742668059
1327666509
1438609119
2078314209
2040655929
304813659
1298343369
912941919
674910129
1236717069
1368715719
1692381429
1355676429
1990195689
1670620839
743650869
1798237599
517718079
1077457269
1484590599
340251429
1434580269
1046815449
97925199
894782709
1932493869
1069267149
33787509
1260086409
1001394669
382850529
1804152339
1653999699
254800539
246683199
150780609
1849287279
109372209
638827689
1033617069
623799789
1351491009
1522060629
1600118409
1893924879
283749159
315031959
2100268989
801984279
1284602919
1188018399
929237169
2072525529
1338755529
821833899
502638099
187362039
1765850649
719696709
2104744149
754316049
1577046399
1175656719
745090779
122121069
1239936519
47513679
662416509
517802829
1834539189
1400758629
229450899
557882379
2006348199
905955399
31311249
415212699
189878559
494592039
542081019
1130055759
1836802179
436796259
392204919
1072431849
48873819
548051049
722781549
2049093639
419542029
2043195579
16782999
1437996339
921940959
1253400249
1195577559
881525289
836688219
1804085559
1366958709
769599
188897229
93655539
2110614369
2080501749
267043989
1590516669
1310317899
925187529
1961771829
1421193129
1881287829
553707339
390306999
765611019
1915440639
960230469
1929981789
553628199
1233796479
1806762369
1506891129
174415599
1330054299
1145737689
789271329
2125859559
525960309
2146928019
1135594419
331811529
1165444599
1282528959
377997339
395132049
973025289
1028439879
385120239
1979734089
1798137699
359997879
999586329
1529799729
904610889
1371926709
1931366919
823136739
569397459
250934109
677072649
1687083069
1388334549
454495899
1459177599
1096823439
1608503559
436114509
1951852509
329393109
638947629
705326469
1742847999
1409945559
42703029
1899193479
1484994849
253481709
1329979599
947725689
677776839
2079505329
1745476509
306008409
586703349
454746969
1044076269
1103629599
346251609
565347429
1198457739
1934721669
2009760729
1664847939
1309006119
1893838509
598951749
1311740139
1255145709
1125414699
140284419
1584239169
863574579
850230879
1267719849
1354644159
1289443929
321013359
342314349
2139084399
162652509
2101519779
1373461629
46964709
1933991829
1301198229
273829839
2033292189
1469917689
1245442479
196669059
898238139
1622599989
1850116809
1446451299
1760931309
510000669
1639256409
1190481789
1299685209
1998601749
1537695399
1809139779
1874825019
840583449
611188839
1824791589
1354396929
662621049
2093673669
200453859
1413995199
1036905339
814934139
1312977669
1330642479
1260659439
1630569399
1854783249
752364819
804254049
2001899919
721403829
1120869159
805656699
1779915099
1572561249
459661779
1117371159
1230685089
1095415989
622166649
1054491279
765669939
1544517759
2129761059
1524714609
2102255169
1690662519
252722859
1908255669
414566949
288150279
589664229
131494959
590465139
1270825089
2017368729
453633879
1587943119
1391296929
657141309
1436447379
799051899
620015799
1808223219
85066869
925056729
1793653419
948439179
260885949
1855188939
922158519
1375709619
725800959
1325738259
2028928779
217319859
1127616369
2081009499
1939876719
661945749
112341069
858011739
69018069
749325009
2064861789
428218929
262155099
1191728679
849925299
1679072619
33982209
76053579
935858559
