1679351655
1887976185
1571170065
74621505
867558015
362839665
707510835
694119645
1807956825
1873127055
1063507125
1240039425
1860855135
1896208155
1762364805
895082505
426096855
965980635
260161125
1689348735
1421971245
1568302005
1867893885
1721331285
919347705
943598385
865265175
750195315
1056781155
609502395
409756575
1085138145
1524551025
2065418685
701786205
1670488665
1674596595
504835485
1615975425
1622719665
2011930995
1319351595
785071095
584999985
225465855
1768470975
2118580635
1869200505
1641663045
1240974885
1993765005
1110326595
1030778625
1471808775
119698485
1388189385
149983995
820485285
1756153485
1139711475
2134881495
111877635
1992673875
1933935885
1858687005
2033564205
1981751565
335001915
328379475
1142982495
1650530295
1531779465
380859825
1675614855
1193253165
759126825
25545705
1282067895
1158141735
2016531405
940954365
1710964995
342431115
1158774825
416042475
1817246775
771923835
1484301945
31683825
350307645
2077923045
226698345
1544431365
543508035
2022514125
568559235
407243565
819647385
9854265
649332705
1922793555
2126794185
313406115
408631275
2063584995
31304865
398936175
1460471055
416416065
1149983295
1382358735
924566055
563383365
896009415
671317215
1149220275
839397645
1204584645
517336935
534691965
1361903505
1622638065
403043415
1729399455
1677911535
1658711745
1726188945
1028809845
1812334125
1297360215
957087555
1464992145
783040365
1160961555
1371726915
1064216865
790060245
1620800295
1293392925
1987238235
322782885
1000732875
1103899725
1109791935
1417354095
1958649465
676286865
1471245615
1557667455
1747128165
1790314185
2118748785
1445301375
2009780895
1520197755
977759445
1487821575
1173807675
707660265
940994175
1061286285
2127486405
748304505
99707595
2087511135
1474304415
232596615
27124845
313772805
1608845385
761950845
2033984145
2071526715
1249527765
920953065
567098685
130765335
554916495
1095532905
1447456155
2025920055
1940951385
2065836375
1740856275
734342595
1400660625
45382365
1533398685
2027934795
1879531095
517344585
1545809895
471121335
191550675
320580465
487140375
1807513785
1578493965
1262300925
87153825
558588405
1592345265
1884319215
1016266725
425874255
1164110655
1272536115
842547135
7573785
1479876075
900127935
1587075465
411051855
1141275405
1786469835
1461120285
578346225
1587877815
2142891075
873026955
1953928695
1294591695
878482395
609675255
661331295
873485205
284581005
1044015885
1674035355
687061965
1195657695
1374572895
2091174315
335422275
2147314155
1792334235
1900896555
1553876805
1304946615
1268351715
1617930525
983868615
610407195
26409135
1464366675
1448112105
1382917455
2038237035
936256785
55529055
1721327355
999253605
659524545
1658569995
1273983555
773028495
28053525
254291505
262834065
2014232925
839219175
76269615
400817505
14891385
1850705985
1492013385
1646288775
621257385
1110819465
1610817705
2111073615
1607653065
2020457265
823339005
30068535
1775093505
738065145
955185
927470595
1361775945
1978499085
1653188685
387038535
1315764615
373316235
1106775
724056735
343691535
642848745
1482473925
703989405
1674673125
306843645
1438394895
1718311335
192327975
2058129165
1483311705
1723503165
1946420055
460349925
1172509905
1208766165
2038662495
1024242855
2079139125
307373925
2529315
1075067535
158890725
2136278085
1534620975
687482775
188700705
1201315215
1840989825
1494419205
1456363155
1121386335
1805406375
1129439535
1420180965
24511845
1157106525
1793840175
746131995
1142609415
517039005
62349435
439243935
1026518805
1410746745
623859765
1123448085
2018281395
877921755
789195855
1672163985
956671485
1270008075
6765375
411022455
1569755985
832111845
114676065
1878613275
1142670465
1159972725
130087185
1765021995
769253865
487630845
1132119285
1781805675
2038390875
1043459295
2057209755
1127336115
1526625585
824548455
588377985
2041014015
721910535
1984537875
961260015
1470469035
1922389005
1257918555
1820369235
644041635
1090178565
26770065
1985596635
1164018975
59529735
862730175
403717545
1968608025
1675266915
1043030565
1289482605
307732065
1792113285
1689742305
1640874435
111790095
2078488995
179326755
1052191365
1668545325
1160962875
304604925
2007130785
1451281155
1428713265
2043573735
996394725
194891685
1089769815
710383665
858005505
1443043875
989143335
1822207935
2053649505
1533400215
1804573695
840274935
586229985
798523395
1135217055
218659755
221336745
583984425
2076746835
1821194685
16507605
194334255
2045340045
867989295
736870095
1954886025
1489077825
595943895
360831285
1012145685
1359545355
420957915
1674936045
967622055
1741089495
2010642855
334451205
514626195
1961575515
409171635
4052145
1744032015
695618565
2126122275
701516085
2082685515
261339465
1962219135
1480709385
347337645
1935716745
225920775
1608095865
1634119305
1995672285
1186286715
1271257665
1225923165
1437023985
163377195
1755992295
765721725
1127724915
272352585
1960197015
2011245825
801599715
1440815895
475164375
1984321725
1433395065
1817728155
2049254415
192342495
1928711025
2043109785
282640965
1898850165
1544870235
1556747415
1047219345
1477974975
4363815
1811649525
2078991105
1412204925
1058796105
546249225
1007521275
1491280995
651818025
196887135
1736247015
522580365
1595475375
216059325
1948424565
1896876765
1669901475
1258976385
7686225
333364755
1557635115
942640515
61520745
238123905
1305361065
836924295
1270888605
780488295
2046127545
1690560765
1832164215
1357291695
832926915
619354845
313515495
1418606355
1228705725
1164938355
2130895095
1772810325
82426695
1043360385
1755304035
1967990265
1071611865
680830725
1672679175
1028863065
2091903615
671706885
1850577105
644514465
1998908295
1286598855
187652205
2074527345
1409811195
166055115
416301945
1695288705
497935125
453648075
1888355805
182793015
1335891885
392261385
2101795785
2124321165
1321590975
1803764325
2017762845
1648375815
1713276405
17241975
1184812635
487874955
1502484855
2035762575
241229835
15158685
1609478445
1671126285
1175032995
521687955
1289009445
647450805
1782638445
297478635
1014858375
1954682385
236795355
1319747265
111043995
576708615
661087665
98316135
322900845
425123085
1920771255
526555635
2099863635
803708325
1326491835
1995153615
194691465
309949845
1607134095
57394785
1923309195
2101133295
176397075
1178206665
1581834045
857429775
783802305
951061035
193434015
1081096035
766115715
903015315
902537115
560940495
1437087855
704850735
1292637915
250785375
1046126625
1256021625
1944076395
1751774745
77338845
1777590855
1759810305
1955156145
1422936945
1507147275
895585365
1730786955
519981135
2123092815
1814948895
265515225
2077408425
267388665
657975375
499429275
65609355
1850041065
1324223265
503401815
1956141975
404480145
240220215
720613545
1009748355
1947276465
224766975
242364255
1494178005
1846477575
333726465
2032193445
629663415
1791733995
1518453345
689323785
939469545
758796315
876331215
1880575215
1600813875
882956295
455856885
252683595
2056376085
1902460215
110622135
375415155
1077971175
186154305
1412488605
1195169565
1425877845
1727143395
2077613295
362548845
310029765
175855425
1339983975
1338998235
615876855
310747425
1615772655
254142375
2129436165
1794400335
939351555
1035908445
1320788595
1261817985
609092835
136806945
632128275
1819606515
519395655
1877415405
948636315
1403762835
696120705
2027542545
134075505
1743870885
877708035
723781275
9114765
515281425
2126324295
332330055
790696575
245511915
1036438515
811858245
1696338615
1149827025
1750041555
916469085
1947965955
133632225
314497845
1936358235
1249875615
1519671765
1991074935
1076510985
616955595
80874555
687195315
175584375
2001156255
1318514475
1162691835
927924825
554210955
1686313275
1295720265
1749904515
99158535
1635239895
532765185
1920848265
353058615
2065277565
269808165
373790415
457773135
1885757535
1021483575
1167782985
1657811385
1501042095
946967805
39038985
699732015
1903481535
1194499425
43600155
332115765
1813837605
1142908935
1962015105
799072185
868227675
80548755
1154063895
1242134865
1779642435
1573690065
694233255
895109355
1812732255
247525125
1471292265
738725445
1280298195
297844125
185620425
1270886835
1551839115
627351735
1170463035
1714763655
338613285
669893805
1279880325
818993685
254064345
754399695
1390086435
1531096755
1258166235
765845625
1048388415
355969845
979231305
713485065
914507565
861508965
196086885
1446777405
1921975935
1384851015
66374085
141571845
2070764625
1074148095
1650992025
622246665
1171815075
1400974725
1830128805
482363775
553555695
859634475
2094536865
1983058305
1919545035
827201415
1131282885
337251225
1964146005
226672905
1240707075
402306855
1319641395
1384978965
1704126015
20553105
1138981935
26503335
249102105
1009801875
595666065
1652835105
1728964635
1258088745
71448375
420917025
1633496655
944814645
1932871725
101810715
1906775295
2018314935
52487475
1513325415
1667442975
1714957755
938730285
301938585
2119008405
1150994325
418555785
843148875
800330625
420343785
937468935
1595376345
1644535605
1090294185
48561405
580691145
1259936175
281249415
1296994095
950852925
1533007365
681399975
400993275
1179196095
751717575
403713585
323015265
1954593675
621685755
1890502605
1464893985
707143725
1272662835
56571315
1483449855
1724265735
1393334925
1375617195
811912575
662370045
1399277775
1216139595
13905675
608474175
988769145
379108245
1706733855
426030765
462891855
1974284745
1826357565
1097715285
1734576405
28229205
1036975605
494653965
2023786125
809360175
1636424295
273866655
218086125
1075961925
1007337615
2141480235
1688958435
1575905265
865425525
766885485
1025273895
314862765
154170345
1489678905
1176470115
474874335
962113785
1350451725
1669589955
1018586895
342515775
1772581545
199025295
59452665
5801295
199050405
794778435
1456247175
1968721725
1940276445
1432067655
1411783215
1060743915
421591515
187318335
164211705
343193925
443722725
651269445
350400105
668085105
1917581535
1294782975
550044405
431520405
45901575
1404301965
1057232385
453272325
1700546895
1037801325
1456743435
96580605
1108909995
281712765
146664435
303542145
1069407105
193996215
408483405
1887941235
535263045
1882393155
1278163005
360021135
1348363185
1333801815
187704795
1216421955
362164515
438697155
125068245
548322255
234691905
413715315
1851414405
1838787585
1570433295
668826615
1066251975
1998203055
248286825
1196719275
985297155
1830941865
2116634265
1718921415
663251685
105781665
1710025095
1114352535
2006669625
811589835
665609145
654752445
593673945
396894615
295329135
1802891055
1745971125
849834885
504076965
687730995
510613665
1022387175
1892713665
319755975
774937785
1870567935
1083073605
573294705
1771676265
80522745
431077605
1462060005
242044845
1421142675
2028852735
274878795
1836606435
1625450985
1199705715
1826320605
1426900575
961116255
1011118155
1433573955
836259525
1753263495
1335843735
1794438855
444112305
1601394915
1524848355
181520475
1215133635
1090682175
4616685
1269448665
1220437935
663510225
115932165
364391145
1906757655
632449845
2028117615
1752773295
1582009725
1985314695
410313735
2083650975
194038665
1787471865
1617935835
264357915
1466865195
430927305
1923240195
1224477195
1082871975
326314485
1621658205
40377165
2007571275
2145316215
2137714035
1920120075
150408225
620916615
1844797995
1622542965
1809650685
1928645175
928764735
798474765
930980955
1430171955
1829818335
50574885
367760565
445500765
27792285
312200835
1167301695
193132425
1577757765
941752155
1248816765
1167236085
989332695
979665075
1910285145
888228135
1637668395
2083786335
1398026595
1546736565
1551094695
1746175485
1923134325
2076244935
397825485
462576585
1798988565
1477998465
2121073635
2108617845
357499875
374817765
1551102735
416327805
1550820495
2037495615
1393000395
1520753895
975975795
2038200585
475265805
679040715
1762942635
1468451295
1391336145
1282471335
115078635
308957385
1027951005
2094416985
1635684765
501767445
952127025
1340311755
69805905
2004808635
800307015
312898005
1748092755
2014585725
589720875
1978193445
581648685
1316060985
1791645135
768512505
470434395
1217341845
1399050165
511030005
1458251145
1110788085
1644589215
1633940865
247919625
427050105
588068145
216359865
1342249995
1886931435
371814405
1589971665
1474674255
1811174295
1516249035
1329471075
1316871795
510059985
1718689845
609381945
1914612705
2131154805
876809595
1097295825
663909795
1425624945
1591237215
2110891605
1180195635
2034877995
1274466105
1251289005
658918845
322390425
296282385
451383675
775500675
1678523325
1841194875
2144821455
327937005
563763465
887372745
671623665
1622412765
1983345345
1054019685
1366966335
2100976665
1686239595
63436455
1047784425
1541421465
1934424315
349289505
800887485
1017850725
1557296205
1865336415
1620449115
932067375
1949715615
1190556435
994354425
1760369955
717409845
1970289675
460730985
1949140335
1142069385
1658515485
204340005
2087661885
2007479145
575533155
1901508105
1818657945
102974025
970506975
1866195795
1136288415
30550185
586774215
1521958725
895844445
1878479055
1671400125
2135798115
1832718105
1562706195
575398665
1257224175
27926505
1057544715
56970795
280348005
1005625095
270487305
244664445
474196215
1068458445
1092562395
1710990915
237163935
1811980755
1440283815
582817005
1696377075
281195355
1058203695
296583315
7210275
1172288505
475027815
2049193155
1455735795
586290435
64196685
70894995
1201403625
1293720675
1175040465
914241645
956547225
1931758815
2102940825
1048340655
1170661305
1404250455
789247005
1491338175
8066745
1901168265
1183102845
701567205
1554792405
1738039455
991343415
1067298375
199193475
1810873935
835727325
1526099895
159239175
1877300985
604217445
2086383825
1169226855
1720381935
1262838435
1613717865
1325051685
710647395
103764435
1107327585
1233824475
1203495405
1633089435
1532244585
1574291685
1163487435
1350468165
1463005305
1117637505
2039194425
2076787335
1997149545
923000205
837427725
491528085
1290990825
1491460935
712922715
1111890735
609763485
1333395885
379932825
67829265
34968615
1690204395
1401760395
381667095
1852544655
38060385
1951296675
1508490255
1759924455
2077093935
527490825
1072829835
2125548555
1593351915
1131241605
1695890745
1340525925
470631885
2045805615
1869348225
1687608315
1072776765
1741454265
2132966175
1570442925
1587203235
1649919825
857628435
622808025
85579515
1813968285
384696285
1174757625
