1536769836
256982616
964866816
898775436
1690751916
657044856
1275881526
1173842046
1821078636
1383784956
40399116
574392726
641081166
932134266
1397901486
324075876
1811464416
1911341796
1861173546
172017906
1530762996
173383536
1219660686
2045320956
1277980926
756788586
1976878086
1263721206
1986802596
2029714206
385446
1223045466
2074145766
270521256
1417464996
61216146
354884616
21579996
1917740076
784096626
308956806
1753139736
1594946076
1603129476
132834696
645829656
1092207996
1612691226
545770026
1666526436
679657746
645220836
289371906
1048285926
1563483456
1093838286
1373715396
675625686
1781976486
1499036016
1401975006
253281126
1754817996
1138852806
596013456
636062136
885571716
682866006
1476795666
937343406
639992736
48727506
1908001356
933588366
998686806
623110266
138793386
1881306396
2058489066
1759155006
2003955876
1924513386
99547716
915022296
651493296
586616766
691082766
1902774396
1087792326
1201454346
1527148446
482304576
1991614356
749028456
1913781936
778064376
461304036
2052924786
1326280806
2045052336
473819526
615410406
1737201966
1954747566
562686546
1057102656
1642755846
190652826
1594796256
1931705136
1618840836
1296088176
1228734216
1411471176
1715358936
42319416
1572123846
830749806
1759651206
537140676
606722586
764224236
633521616
1418407026
1608832206
1650561036
1221731946
720868146
2037769386
2096449416
655756026
1337366826
1736188956
1516145106
1642988826
1368465456
978907026
2142855666
1322187216
111199386
564683766
578289066
2140464276
349769436
5699196
1355269026
2141594376
2070577146
200540286
2083420236
1567534386
1811146026
1291337826
1766349696
570116646
1550075256
2143833576
1055814786
364070856
287511786
770465076
2038890216
1172161026
1231185186
1211890986
1408598616
1800559266
1675697586
127309476
2037291216
259362576
602440446
1398239046
1167812646
13014966
365070906
1241712276
495758496
673255896
1378321086
1451303766
943132536
2110536096
451191516
1533243756
1198171506
745768896
1266147366
845418966
1961294946
951406956
763382616
722271156
1025628516
1624883946
1414394886
1858530636
1261865376
729107616
1489455876
254183466
1018751166
1467371706
1154566326
215754096
223096416
1811002176
1695548256
479610396
1562035386
239394366
49469496
747682326
598522116
646463556
1323349896
677020986
450256926
621027696
1205624076
315093246
1739548896
1132085946
403883376
282756996
1063809366
33857526
1808088276
679983486
2071969566
2028917946
761342466
1175257236
1771474386
578443836
450888156
1754931276
1226384046
460374576
407189496
1167531516
1321661556
42655446
1381389786
1120270326
36957816
1660083996
517826346
1782393276
119626416
965089896
553586736
1626370686
835756806
192801486
1030272246
2123726166
1241411016
1836442566
1189566876
422821506
1726829556
1457773926
1881527886
487020636
358991886
1280933076
1384971666
1309537656
1986969936
1209633936
285959406
51334656
1848176046
388353576
1219403286
746749926
1070923806
1007310726
1517554836
667401336
880141296
982317906
2044211196
1527603456
330058956
1774545216
427600446
218898096
764416806
1579725216
303267786
148576566
658671456
1961368446
1091760756
1251986466
1871991156
210318306
1857202386
737242956
882389796
232335486
573372786
454956006
65118396
2041989966
1980002976
324747186
1106310636
849443526
126056226
1347770706
1067793096
646011366
731673546
1504839186
649916646
1256063496
463646976
96480126
2085449076
914971626
1826295516
162846336
1416384126
226850826
1577451396
1257228126
283139526
1127226306
972312246
517539306
1196079546
11447556
1480537986
2119579146
311185056
732006756
1780872276
809832216
1890324696
800377056
2013120756
303460176
1600637466
1097822886
39838416
1669349676
903522396
1880339106
2073344256
1228471356
1726639716
1153468896
923250126
560756796
542299326
1353781476
1201437666
286027836
1702617726
536891706
514046106
553000056
1240291476
1732390596
1266791616
474265506
1919080356
1984564506
670979436
1802429406
1101639336
1693207266
336515046
1360004706
1953416226
496053666
1196242716
1749744936
334176366
362441616
1938505596
1514237586
381135996
2072464056
1721840376
1155346656
1711462866
831015726
1789163736
1862859936
879268716
655851186
2086480386
674472756
1153917636
1059119256
335760276
320946786
1145756976
1599024216
219006756
1944587256
1005336816
1449580356
913831596
984740196
161289966
1559622786
371990976
222222576
1055946006
840572826
1278803886
755398866
2036436156
1558301346
1492126596
780529776
1533829356
508328106
55613406
1025335956
1744040796
2140671066
1772985726
1263994056
1764034686
1700617086
826977276
400730886
1817466846
1425030426
110634966
65785326
1266191436
828344526
920530056
1387545936
2050946076
1283440326
665802516
323032626
394811376
1230673716
1673553816
361044846
926204766
1762028706
2076051036
2015138916
1579909446
1907491866
1043442126
772444446
90968286
911263446
431973726
896282226
254007396
2022576936
1443379986
1602666186
492085896
134461236
1530406536
1058462706
1565539386
1191567426
1720257966
1151691216
51245826
452339916
1634721216
972271686
155141046
430248816
468812556
444695886
1113931026
76319436
289728606
1472632266
664089906
808942206
433342746
722822046
40768746
384782736
449425086
741336666
1659602586
1763100216
1746913776
369080646
510522786
1229896926
41663556
1848110436
1640536356
761594886
91048086
959748576
1412057406
684206436
1920177726
265728996
904952226
1732350576
1291323546
475439496
1751202246
1613632026
1954111836
309259266
2127246096
920880396
233533296
1978163946
85307616
837235866
605950446
760151076
1442505966
1859758356
51873516
670254036
763813926
566275266
2040827286
1045723386
1187133576
937084956
1404381216
1234857816
274982196
1588290066
1920937356
1054371606
404240376
1016881386
1638805056
2048194956
1662889806
525896436
682321446
603530436
912455796
1346576946
3577626
1404262686
406040286
574569306
1020981336
752496666
1746662826
522561516
54871656
281231886
913540176
1120567536
1154039076
365596026
1573485516
811197696
606439476
78069726
2075525646
1787735376
100109706
694135056
1162818876
1154890056
1101028776
797998506
457257966
1321065186
921159006
1072655016
1525827216
1513786476
914213016
1595207226
1179599136
2019711996
720131196
474935916
1131750786
1940009736
313394556
1077366426
663229836
1847081976
613502736
804874566
1972870686
566248416
387001176
679836336
801568386
1571407356
1707889356
1046443026
2120357796
1198207626
161790936
213774696
1589432676
2007570576
1963058886
2091508026
1791309786
689200776
552945696
315092586
1857965556
787046496
490414536
1800818076
1272175986
599370486
1259520756
783076866
2122307586
781363776
648011826
549079506
344027286
1580085456
812803686
280731096
1604245536
1469371506
372996336
374750316
463452336
260665746
813738036
1566667836
529952346
528180066
2040616596
1287912696
1122624006
158062476
801533286
1199945466
587266116
2035241736
1512497346
1278011046
1948092096
6084996
1505774586
1233080346
262111746
2116042356
1858144746
1919086806
1598696196
1811139156
748859766
694854216
452169396
1596299646
1033892436
1235231016
2140039476
803165526
1750601736
167281206
341077116
374457216
370250166
1528011006
1671527016
578316216
97925676
205514496
928429896
1608420876
1621649496
1289582226
236940486
1240916946
1906146846
1753123026
1216139106
2102091546
1462051026
1424794116
791316876
1390590096
2017253856
748711566
656284836
1311595566
1402583376
928681326
775340946
339819636
1907576586
1795580526
871511916
107290236
1363694346
1789053066
198035316
2101894446
954545316
1910997006
1096256616
646714536
522134616
590624526
1647387756
1432458186
618259416
633817356
1664578656
208018596
1289702226
550625226
824920806
1002600996
1665955656
1167005916
1541790636
1067923086
1452662406
2117873406
782996736
835243506
465557406
1525523466
310659006
952867356
465090276
1768399446
2116208736
1198585266
655162506
202184736
270897816
302978736
1310573946
879866526
661784406
1105878066
1265082996
1881260796
56462256
725874336
1802638716
1821760866
1180370316
1805820996
704787936
2057539836
754050246
1621943406
922363236
766962786
53847966
104419266
1203451026
439234506
2043114246
2008954656
1331856756
2094179346
1684154736
2092043766
975456666
1602824826
17690736
1145707986
824966856
1777521216
2107080576
963541416
534606336
2124323226
356225976
637017216
1861006656
1984221816
240509796
1180489686
971437296
1186193586
1260333726
540167946
518688996
1024094376
1310560596
1007230866
542420196
99267576
538805766
1778376366
1802894586
297082956
1991304846
1877795436
127365186
2140529106
1803629076
535838136
772267026
1810465416
1807211076
2133601686
761598996
1575512016
732034386
407514456
129276906
1156906686
1299380016
363983106
950644086
394458906
1642767996
1238073216
1356488316
577797846
277247436
276185046
65667666
2011636056
1536363066
912436416
1305769746
457637346
1992748056
71592396
1285218936
1693726026
1372813746
1203300336
1369863066
2110480446
126504666
1436231166
653234376
2057550036
1340897406
1782280716
1771259946
712921116
775661826
654374016
248699616
1957350936
2042676606
87907506
1090205466
1532041686
559938456
407359206
2077142916
802364346
819715926
411795036
878844606
1832246616
898636026
1893470496
1341593436
544325196
1403514966
430419456
650650176
1789764156
58011096
874530006
228419856
360072726
2101087266
596814966
879738036
578695686
798547566
1254500286
1591050246
960133926
490358916
1299206526
1656956256
243413886
360289386
1534223676
52824036
882827526
1240228356
1139876526
430384626
522036066
1529731716
300950646
692276376
22651986
2140660926
243252156
788616396
2110104186
2037424416
1540509456
1657638936
1402025436
1671081876
88293066
1837108536
792047406
448915296
176064066
1493959176
1493389026
972997596
622497876
901780956
1214384316
1065420156
945154026
1472380236
1114339236
1995718776
1833990876
1637952846
1048475826
1718055066
1975086096
495351366
1373699226
560058936
1248170046
1184934906
717635376
473396226
1688733066
873600036
74407536
2080553646
1520504526
948443826
899496936
1062024846
830882976
175359426
1583917206
885698826
1144692666
1051284876
1691127636
2067005946
127575036
835638966
535006236
1384520526
1764143466
429315306
2020905996
501339786
1755449166
1386094686
190784946
1472999766
1808118456
1293205986
867126456
275145366
177169476
606195156
1836089376
1018840386
865340046
161413356
191129466
645460836
252533916
1334382996
635625396
1729796886
788207826
169827516
256463526
1919688426
433854336
990479916
122169156
2130624906
1420971156
1079508636
1359795396
987807126
1212493476
76477176
1413782346
1517788056
2021249496
1923939366
1543394646
221723676
1251428976
272746476
1171339866
304832196
132556326
1998570096
1588326186
1908733866
2117957946
1700531346
1145196156
1383876486
1261612296
2012397966
586697556
172142226
213983916
1758851166
3431526
289908216
1994474916
1172245926
1993310106
445998426
868593336
351552276
1995074826
166091916
1863301086
118787496
1037031036
415450176
1180943106
185028726
594484506
1084677486
159022236
620348676
514017066
580867836
1483036386
616982736
1731445296
1131143556
433825506
216750696
966129246
285620886
841621386
458214966
1216692846
1709044086
1301317896
319414686
158585706
136679496
454093536
648606396
2131694856
1203645396
1270336656
2029062396
927600816
1114405086
835294176
794005056
1512406176
157884366
782047686
595147776
964326906
1677600366
1021051116
491360406
846176136
2072469156
200808066
1627936926
2055943116
181081806
786598566
1440365646
1730655426
1006091676
1563012546
166928466
1328146506
597550566
38959626
675665616
85498386
889575546
1682961096
432532266
146130156
1531231866
1959650946
2071069356
192793056
1394260236
1221337056
1363202166
1983257766
2111054766
1980319956
1535939286
1209145686
1069636776
154179516
845568456
1936032996
1301589816
953759706
217681896
651328236
1583292486
667623306
1293603486
866489406
1251958386
619820196
1631729256
1926178356
1159680666
1114684116
1839047976
725948826
2100177306
354997056
1888882506
1778263356
802225386
1419065616
795663636
1455485436
58822206
1579253196
1473021126
144594336
265440186
1534084836
701550516
1372241256
1059340956
944988786
249587646
1641457386
1603777686
438665766
1275106506
1409563146
37166346
2055111756
1064558016
1806989196
490462806
1755335916
1186076856
1754628996
21968496
1645613976
1492878906
566521836
913195356
1664950536
874473606
343553946
1675127286
2031536496
44751396
1163526546
1599388896
216555366
1201663296
1616146536
455431986
491056926
1688636376
1338172896
1018904256
959724456
1705817106
1617909906
1891263186
1996073346
662748066
139367466
2075126346
1600943376
2067567486
1253661096
375867126
987332706
963480126
1474905156
989132106
610375206
1148193906
906091086
894542856
452648856
1522715766
2049867156
888849066
616975386
1518727896
1463834316
1543111206
993303186
1266080436
1541158416
213200976
1003401036
850587726
1861145046
877380486
333970896
938772036
367405986
1028750046
310848066
542640246
1205513286
430635636
1192198116
1007778156
1527262536
2120508516
665815956
120554376
755692746
589698756
287183706
1506016746
333492636
194458086
1781727216
148400106
203638326
1369302036
165600726
1730141796
2131230846
878056236
413917356
2126986386
1155948846
681622746
1105938456
1722504576
249919206
1992654846
1257416346
1092734076
1341557586
1817191656
367154976
570481806
1894379526
1053918306
1347254616
614013066
1156213866
2054407806
852621036
768714666
1491708036
620136216
143976636
2103201336
1663682886
1860173856
196551126
1702506606
74760396
725071026
296058546
1617499896
1382240256
1350787746
2079039156
459384996
1584020886
1767375906
980292366
2019769206
1467627666
28688406
1595770806
81933246
63124806
502189296
346959756
1120215576
1330309356
995897406
14177196
827985336
19319166
1863795276
1354841736
2127548886
524436426
1077735366
151167306
1680200946
504810456
302390556
128628696
57299706
515005806
1293061266
114084456
1306886286
1969154046
1151686026
640392336
72623166
530751996
625262106
929813076
430801926
1142825016
835197426
1820097396
140775426
151519806
76597476
334306536
1615784916
1802321496
1930756026
79230726
838684206
103338816
29913876
561170706
879780546
1766553036
1878247536
206608536
376174146
1671262716
397628796
915797646
216210426
1378828266
857838606
666659526
596932086
450114816
88201746
1780764096
10457556
212132256
1472132886
1040506956
