810173244
485693064
873233904
566467464
610215984
1302230934
588089604
1535991204
835955934
743922744
624822504
1232993394
244318944
1808908104
375431004
1803794034
387921744
1949108784
587010774
1238235744
1627614024
837434454
1461351024
1227700824
1911534024
835876734
1900093704
689002794
1266262374
1612102494
1793538594
747528744
959991444
1795388364
1654065114
1160358684
1041000324
1451769174
1015947144
1288238424
9381144
51828444
241836984
1844039694
1044176724
1223315394
1533923154
1981010124
156943644
712293534
878584404
739168134
1492026414
1027140174
655697814
450172764
34259184
635287164
38094534
947661204
2021094894
868630764
1676730114
1522610064
1381588254
1760593614
2063705934
1346013384
1782686034
862283454
1132061064
1850787234
955770474
1000753614
1567592784
52432224
1392777984
21412254
1193961804
479951484
534576024
2105804874
429466764
1032176064
1170672084
240541974
1249263924
1213972374
1574037564
1035942954
1936524294
635507814
5387034
1568755074
345567264
298597734
1901132754
1115186394
1172283984
1905730554
1489725054
14960274
279910104
2096834814
134821704
679069794
1963777644
1079319144
751050504
9076494
1361006694
59031744
1513331124
2022125604
881619774
2034501354
441552924
1355123664
436572354
539770374
1721462904
2135601474
1249974774
99307704
1525749444
754231374
979078164
1346999034
240157764
1007950884
651148314
1936819314
301787994
1620827844
43841994
1610547444
855131394
1894063404
136634124
301549374
1247028804
941990604
950974434
1831282074
1780581384
1677143904
535359114
332210874
1418163294
399095514
1580297334
874542804
160379574
1574111574
40766244
743282814
1249467174
1500982074
1697399604
1571292354
897214464
181712454
319468344
1996379334
1230331164
762625944
225404544
327600294
1352253654
1908364674
158394294
1329781284
1135787094
1070433744
2116190994
50585514
534185454
1808448054
2079707274
2107917924
1457402484
105608334
2013490164
227097024
2138183034
74911104
444685974
85000704
840529974
549547314
193435284
841347744
1303492464
1894816224
784885734
1171474824
1260750054
1504215444
1808015154
1709220234
1468091604
281492844
92076474
1731555804
349449894
250481304
1751453364
320883144
830955834
1133862324
643918194
1344344544
379143474
1488638124
369177564
1873210104
1746717864
2085036144
1059750564
1814228004
1015472184
117749184
1017724974
118433424
1933172724
414060594
974237154
1486888194
2115154434
1626933834
983927904
462303054
294656574
590653584
487065384
11852064
1897194024
1024232664
1364691594
1650319704
1868604564
1179329784
755924814
1186772994
787589034
2107756674
1680113244
2055946824
1589547834
498475584
546915444
22371084
1338254124
1116199854
1310139654
579916074
1303478574
210414924
1892314164
781677864
1640971824
412308474
1039764894
1349708154
1229291634
1925205714
1012568184
84569064
1828480074
189832734
918338124
1379879334
1690501494
832000734
1315374834
523007754
2087723334
1609491294
1727516694
277834134
132495264
785749434
313361574
227989704
1452669804
1361455194
1725958914
721479864
731573214
1779103464
23434824
367788174
1127395674
1310020914
1689265464
1900930224
1294056534
111682344
1477400544
1465016394
208807944
703784694
1017371844
1122746124
1033879914
1990127244
76460994
1576950894
1020124284
2129636874
208448034
1298558574
1496249454
1287664434
1231477254
161905794
1886764434
1674460704
1272383694
2057796504
101166174
30516504
2054417334
319810704
1854976404
473909094
531470394
18530184
745772694
14097684
1047985284
323252724
1089234504
1512385284
99615384
1552053774
934297134
861256614
348968094
1005594414
874392234
599294424
305695494
1102278264
1208865564
2003064354
1655126934
210178434
1573542504
108956364
1551352674
516985044
1877871744
356630364
1046887464
1124192094
220245084
813164454
978408624
849633504
1986468924
116892594
1143124314
1914561324
1637797674
960864834
1197253494
1685379864
42029574
1833105054
1981760064
1483925784
1786751844
506620494
1093086834
1978354884
1611605274
2135500794
2106790284
1645574034
350388564
580435074
1501564044
1715805354
734650104
1823731314
1201279944
2144027694
882414534
1016912484
448642404
1517787594
1862874264
412870134
2145071514
276502914
180793404
949116804
431716164
86885004
2018094084
1662427194
541567614
1058855844
1472110314
1727145474
197349264
2106651594
279393684
1889418684
1840950624
345077154
241402644
980803194
913400694
2098506024
1610082384
2060830044
1455808614
180335784
405272184
633067554
425462814
1788257544
392875644
1253006244
1127942814
94741344
1794159954
1090935384
117533394
1678987044
1268763804
2131458684
2045884914
1321492374
1803142134
120619674
582497274
484562484
783679164
1467887904
1844713614
1865090814
1639465734
358171584
1460532504
1728588864
1365072324
943818504
90417444
1530795414
1250351214
1561812834
441550854
359799054
924288924
99653934
1044137664
1094735004
780977304
317058714
236745714
308168754
574333434
2079159174
1386436974
1836144294
1967487204
807227244
1269260514
1370593074
1349190444
436939674
1564864914
968772264
795222654
1323093474
1714657464
780381894
2145110244
1758805524
1660269024
1902076704
635351124
1771841544
1503394914
534755394
1353557484
952333224
1020169344
64821564
706922064
1359594444
336069654
319708464
980095434
972537384
980580594
1762021314
654285444
1613415204
605216394
1429214304
1484569884
1558674504
1416630894
354289344
1716335124
466781454
43015344
1386154734
1406332614
1996380504
854605344
430691904
1908495174
1023545754
798813564
385855404
759628254
836787384
61572864
422579964
1206849774
1616610204
1519527234
818691714
167388234
1015008534
1170718164
1547708274
105471504
218263074
502166064
771864144
1425725154
1049152734
1561647864
70516614
674084274
148479234
565342524
1555897014
1360904244
75758994
1810288344
346628544
1649228184
956778804
1207359054
520714884
1314269484
1365257214
2009839794
1579346664
1919524734
1937390754
2135120994
270588534
1826269494
753489684
378310734
146078064
1345945254
762030624
1587757284
386008044
854466564
1057911024
320473404
644522304
622160934
1047674454
1528139844
623896974
119778624
707320194
847013934
1874094024
1853802714
1444865154
517937994
397574394
1539338304
161160114
1132803174
1952562324
2137728894
745769724
1037318574
988056864
1129680804
1019887044
79781724
1347358254
532240284
502518354
254096364
1182297744
1142472414
1283503734
2049252324
1227037134
502337214
67775364
234209364
329043894
1599734994
2098677774
2097192114
1929228564
1885350804
1324890234
1161763854
1943845434
544899744
776780994
1914974394
942497634
295408194
1064142714
1498846824
1726016544
1606170654
1107837924
1205622654
2119661694
282808674
1825383084
1141638864
376302024
1858030734
1237738584
758828214
1902164064
354677574
1591164024
1349520714
1496254764
1008923844
463040214
2050721124
1405270284
2065376004
1012993314
731286714
586321104
597454764
1373575524
195887154
997063434
1012229184
1366513974
1538850534
1950188994
700763484
824066664
1336716144
511603914
443620434
62890794
120158334
896607054
733393974
1128429294
1063234074
1302853434
364430634
1482040584
392086404
1026607134
545009124
1587533334
714678924
1086524394
788068974
508678644
1179559734
400472844
1086652074
78261834
1337771364
1170977904
1925090214
1941578994
1373239134
944895474
1326284274
1049244264
304758594
1565753154
1407345564
1747810704
1991201574
1010457594
1737491154
1881964404
1382922264
1494573834
811005234
1263145014
1801641324
748317654
79637184
791026074
760507884
33339444
710719614
1340246214
575124504
1125415764
358825644
743201544
1932481104
1482857214
446765244
1077858684
202173624
1844117904
1055676444
244102794
1510122234
602092944
1683251364
589502394
1618371684
1633775904
1250437314
182404134
551983194
1244596794
22672134
1953379344
1451066574
963662694
699662634
526431264
1671143484
1726102464
1314368754
1060617114
17478204
567163164
1475673894
2142286254
2119499244
295457934
934562304
1549642284
1339523334
617846274
760840254
2101465254
241793154
1910038374
383552694
104587164
168187614
1586210064
813731664
1440200754
1614263004
2098962744
1590578604
1301935974
300763494
1798721304
251285484
1470386454
892084374
382193364
2056474044
306247014
353375754
1001515974
148302264
990614214
1959863154
287778714
310678734
1939639494
635483514
1765027674
1883510514
1858983714
1503766674
1923040554
1799420844
2001408054
1110312024
1356220674
769311024
338681664
2077061244
812204964
255419634
630121404
1043166294
741012384
89905914
1524098124
523246314
211842114
1872305994
435796254
1750273794
960479544
1325199324
1669595124
1333457454
1325204364
145127244
1682680044
355527624
1893553644
2050111134
1141383894
1126976934
1029001104
1628873994
1898304684
470987724
1540420764
1225193604
1005960654
1238924154
1222241334
1052868114
1169159364
746464944
825147054
72455724
1199904474
760319904
1817280114
455614764
726067794
1019331504
1476340464
1845530604
1679637144
624386334
322796214
844285524
685717434
116182014
1709582004
987242064
990556344
553739004
904446234
1172144124
920949804
944769894
842978034
2120882274
92333754
1987133814
472617924
122625564
772611024
1908871284
1282786674
1323663954
1769105394
1699817724
808870944
553736034
112376634
324790524
937025094
987859884
1624632924
1975210704
996878784
1323970404
1177681314
573885534
1066602534
2104790214
1501841244
655858044
507727254
145024734
987411654
54100794
312406824
1969472184
1747574094
1444037514
1678556004
1059581034
1990503324
621489264
2146460964
563934174
2029128174
7176054
1491830604
420543924
710788314
1915148784
2122485894
733738134
1085717064
2061844014
419203674
721947084
975000354
415493424
943307304
2097181764
471813264
472800504
779882874
1504267134
2040228654
1264699044
1372370394
1969253604
511945104
1326353964
1545073134
511948164
972452874
68140134
337107054
538199994
326177994
2095499604
709689474
409063254
1235596914
657470934
494200914
1377328734
1201640424
1675459344
501566904
2121242604
2003769624
1680818814
1424365074
249614124
879364704
500121474
1668871764
1198653324
1371510054
1195266804
1267202634
1595339664
1655662374
1906095024
943713234
1079747514
1945170504
405897294
109172484
2046453594
300862944
1851483474
1540051134
877554264
1570181544
1192781364
618123864
922300704
1920791874
1755670494
1160142804
1735181694
1029456834
9354
297598704
2011806564
838391964
1667473554
1304486844
109626414
42148734
1076746404
1183599594
685726014
937896684
995354784
1016593914
753653874
411074214
235246524
1804176144
438273504
1704758814
1834623924
1165558584
557873064
360344904
859291674
2061894714
1742694804
1514728854
784577904
879036924
1049876304
228876114
1829833014
2020981164
340257984
140624034
743602134
309751884
600359154
2126649414
776513364
1094077464
1404951834
456852234
1792721094
1319330604
577363974
300561654
658181034
1552176114
1525599504
1633167504
2000375334
1933983204
1710719184
502961994
637020384
677934804
454079664
283463484
1823855724
1146143214
920338584
2057451534
301530114
699881064
110952324
2045595264
880290594
1841798604
178588284
1833218604
496614144
1826561934
684883734
1063449864
2042953914
1101635154
125867424
655036224
1853394954
1117792014
1469046474
115586814
1021437534
1662369504
729687534
1934499804
909495204
336197124
406571124
865576824
642388704
1111280364
2120103414
1264985994
1636355394
551457564
2104516434
453030684
1032192384
1869765834
869167434
308362374
134379684
840616554
236113674
1722703194
1098052704
1179374304
535296324
1608747564
1478643174
329733624
820132164
1525259124
1285969854
1877530224
907499064
309416664
316300374
1130243544
1852194894
1980676374
775217184
1862581734
1293520314
155978934
128441364
1055282754
1803789984
609458604
895066554
1258874514
1362465084
1372409334
985632594
2133004284
67549134
813670794
1115518674
689229414
893137704
1181933034
1175855514
1616071044
1457178834
751030254
1334646774
753176784
476636184
886857774
748595424
2084701674
616447434
662814474
1330174734
391489434
867412224
1986734214
170364294
1860572184
227587464
428329464
2147344404
316694034
493660764
276738984
871241484
932922804
586571094
1310016414
1873443114
139266054
1118623914
1594220424
1955748324
1630736034
2064459354
1046862594
314631594
1961104014
884164134
1979899914
417102864
1022918754
264038454
2121287724
1329715134
1157529264
440280324
1044390894
2001258114
1695599934
75197754
41201034
672059424
2040222504
159285534
1751379174
1575328494
1772883264
163847754
2044624644
920745024
1435903284
977345544
1438814094
56732574
400177884
1425649134
785000844
1861694364
1853389704
1163469084
1417340214
1846072344
1765652214
1282152984
77174214
1355718924
886411254
622688604
1981179564
236234874
1328384844
1636950624
1720713234
1478240874
1584927414
1046191614
781951104
1065417774
1764865254
1728824244
1135241814
1817035254
1887589494
2088192174
606500214
12102774
467089944
935694144
1957726824
512709354
1215051594
1333222194
545455374
1254317664
1758231294
2029451394
950324484
910904274
2089075974
548183724
355070214
1343044794
1258402644
628637244
194606394
555966174
1210267074
1790036904
1432146984
1084047864
2066363184
95129484
1738307004
1475745084
1761622374
503369994
778352784
560157924
215320914
1599483504
1198037184
2091866004
433913244
1759707144
930124494
837661974
1139761614
1636058454
2136942354
1889807004
472280274
509823954
1477551414
286313454
2048059884
1020283674
479108424
1763739144
365312964
1339157904
715539114
581894574
1956619374
19492194
1036841394
1419799404
177934104
1241249304
1385677764
1637389194
484207674
1966091304
2075134224
1697081334
1973932584
1619866704
1859798244
986006064
45715614
796155924
481048074
2031670254
1937921094
548181714
280207284
1205671224
251340534
695575074
1062107244
1362744354
538013334
168304254
1216688124
1454476674
1978374144
2015960064
1598466114
131561994
1759108254
901338084
1705060194
2110848774
1946990154
1758045054
2138305974
1180896954
1104928344
1388295954
1838514204
1276417734
24608394
496905864
346110894
239914104
2033929674
1236212814
2055371814
1224566304
89336334
951536154
912827124
1587413514
