224362362
1804007322
211821582
2014253742
1695522162
966560952
1781078622
633840312
892323162
1153191252
709597302
12172932
25858482
1562271642
783864042
26867292
662205882
927480432
252378942
348161892
31006752
875100192
1724503362
1773566022
455456142
559314642
1449009672
568518942
357969342
1032688542
576130872
1281964212
1528322382
166687872
322764942
734489232
1611227352
1576871712
1435067082
1532656542
1268590392
244819842
1198500252
1784082192
1802399532
524609742
2123325372
445543602
483418242
1724112732
1718150172
1884823242
753838812
307411632
1342025082
899966292
1746149352
1198403472
1742157102
641327412
1000257042
1461569292
285661812
887757822
1030073802
378760302
147931482
2131059492
1246204362
1758486462
1163424192
579423252
1361421162
191050032
1550443842
817717122
941369682
2145774402
1334778612
1009955322
1160679102
604028352
1015797012
1229067342
1620317142
195728142
1064179092
777538212
810340242
1520251332
276437112
186998052
1388667282
248565372
140970492
403835922
292695702
620111622
398814192
557566482
1579107012
1048583712
643818282
1877913042
1792120452
741028242
783125202
933380502
718909302
666616602
2061217332
1494752232
1826032602
1230175002
1701011292
294772422
321572862
774968022
302882382
251856672
162286452
950830812
116447442
1161327222
2052156072
1076983212
2098404282
446660322
1986817512
401403132
249059622
1674418272
617218602
617307612
2021247792
1158063612
934313712
313869342
1986413952
878515002
1049155572
2002101882
1205419122
487810842
1443203862
1093131282
121337712
1352627472
1482691782
330217722
811321272
856097592
374337252
1745258592
298022622
1942149942
372381552
1353640302
1895595642
500697762
1625003502
36556032
23748852
872258802
1845980442
1432233042
1859257002
809349852
1318820862
749560812
1234420782
845371782
1392223482
118244262
847291272
1632249792
774867882
1195036332
215650122
1165254942
1323414042
1145937012
686244942
1459027332
1596377742
1385087202
1087552602
348231132
653071542
594506532
277974822
579896652
280470642
1155063342
1078638972
439534662
331593732
704634192
155435352
1271784312
624628512
1339311552
1196675982
2000743902
1364152602
841962252
334035042
1635602592
953532882
970013532
265596822
309638862
754389612
1706283132
16562832
533353062
550222962
1611738072
1759057752
575367762
1102793712
1275336222
1432260942
158317182
342767262
1081940652
1163016672
594981072
287058762
1116047382
795511572
20791662
1189349922
2059891332
1657504812
904250772
1115099472
2012615232
536777412
501414852
81734382
1762131282
795879852
2021587062
804564072
398933682
826579242
46549422
1210237092
178247142
725523132
64386792
1289203422
14183022
1252207992
66823002
1712029032
2030453472
1858310562
1739737482
1102529682
459051162
646680402
1961026152
1725665262
1548763962
1097506302
1448148792
934754202
2009860272
154832502
1357732422
247583532
169424382
1074927852
179978172
989333442
374623122
1185748992
1682909772
1663062792
61799652
1997482662
368757042
526209042
1206456642
1605965862
1066042812
1517045562
831549612
755291802
1609625682
2120779782
974345592
1823130612
426440892
2015239842
129427452
2061993702
552244812
1937955792
364480092
55154502
737337552
847156872
1379937942
71512092
1073473572
1119704412
2131292112
968517642
1526405862
463675572
872554662
752753382
1334071062
1370255292
512706342
415868232
1916311842
846948222
968729922
1546235262
814588452
1415878692
729287262
1662261822
286425942
1556663982
2109890952
1250577192
1497588402
1412505132
1157389662
1345746102
1113931452
2116375842
1454420802
954460092
1523658792
1130172762
187724472
417926772
243695922
791822352
2021862612
1649715912
467110572
1477219752
317151852
455788362
261469962
774109572
954522042
297594912
907148142
1653808782
1204116522
902252172
1307532582
1772272542
576538962
1497838692
54337062
1961085342
973850532
1930619022
54070422
2000749662
596491722
1859488152
1272392022
2044066452
1085285262
2114040042
843398712
474797652
1754290692
1409832492
276246852
135620802
239650572
719129112
119595612
855769122
1036671462
1930414752
1757576772
1734254202
1581348222
2143724652
1598553312
397602822
1335206742
1147222422
1349596662
413437992
2078761962
136986732
1510888302
1337485782
833186832
1947561972
37765692
226466412
473134842
193530852
391051032
1859464452
384857832
1941545952
2128823682
1269298242
1324690962
536030892
1438780242
1661190882
760664442
1856374662
173608452
2083815252
2090553972
337281102
1504884612
1561088982
1537417512
272860002
929746032
912405072
1739361582
1557054492
179124702
1875738732
1639269582
1430898252
1136002692
639611952
1430655312
1796916972
695576532
771001272
2072442432
1804007082
2023188642
1698520392
386727252
590925042
2116741272
856462302
652889742
1446051432
1560753372
1241908692
188409822
1096814202
1498688442
256564182
1307060352
218335272
805256172
1875894822
1482977622
1408147752
477833472
1074626562
954670992
1630744872
2109785052
923248992
142592172
1957237902
1636862622
2053241322
1200011682
1271848992
1378794582
611438262
1223495682
190041402
824708862
1206860862
1314201042
515663052
1401952932
512432412
1235102862
796869732
213867942
485999952
277250262
1506742482
1457639082
1359045672
1866862182
1535865042
758165622
2070319962
1497374052
269241762
2084200332
1136571432
372009312
1509902142
825730062
49031532
478524762
399028842
1568523822
1801237572
442912212
614617332
1439532642
1758420162
1580178732
223810092
901521012
2052614622
1714865202
249068652
517766022
1635145332
1283181372
1415614842
348095412
1482672702
2080478982
2066243442
247497312
1353849222
1558288332
1884502182
961122492
1494107862
1463725722
1404049482
307514352
1548059382
1838822982
1532078772
1379460612
294423072
2119606602
1519628562
10641102
1866227172
1037330592
3798462
623242152
1480230222
400623132
1169463522
632388102
941026872
978577692
1213912902
1387010652
1736219172
1051021902
1025156022
2029905252
1210117452
1369649622
605403222
1689005802
748716402
1868029002
523674192
441078882
951430272
525345942
142553142
1479790782
1993340262
407426832
352538652
380590692
973004772
164749512
1022455902
26137122
404123292
426916842
473292192
174184032
2020434732
802781982
458217792
498955092
1705756332
764813322
135425802
1964303322
647437722
2063256732
1994682972
456172602
984267792
644756232
215508462
1393291992
720019752
1173912522
2130430032
1062198732
591136782
976544052
352513482
334079382
1346911212
560235942
25922742
223001922
1338413232
639158112
2067639732
485613942
1746129342
1768376202
1636103352
1031055882
2107779972
1682525592
174022182
1650222612
588861642
1717142202
988392612
1648659792
1241326782
713041422
1916522442
1996288002
52734222
1475967822
1218117312
1490730102
2044852602
2140757382
2060563122
1366432272
1995529902
1615283982
770822172
1340282922
928515762
1948232832
1318225962
25081872
961230432
238721292
1433268342
981377532
904369782
957392322
1407966792
435932502
1377947502
460101882
1195377192
483027102
1562822802
2000032782
769021182
556955682
2132191662
933118842
970516422
671290782
1216463262
648517932
454036902
657520842
1755897972
1878329712
778941222
604806042
357616992
993380022
663739572
677992752
1704610992
676599282
17877042
1985669442
1682598342
263029212
769243632
867234582
1540912572
1629694962
831513642
1981653102
1440951282
1421776002
948851292
706577532
205241922
1119900072
1834569732
2062985892
338747142
1240408032
1382511822
987856062
1855206402
2079707562
124174542
1458105492
407807052
265429812
1574783802
1227546192
1110250482
922087722
1472073012
1131451182
1772216442
1625992272
632340822
1005233802
1157085402
588404832
486337872
2001821412
2133657582
929975262
1444768242
1888331622
976147422
2136058902
428511732
1897556442
196819722
611886492
391788942
1033071642
1679566032
506731722
962051862
795938862
629180142
1806945402
3083052
981577842
766214922
839087622
686521542
70673052
1961740812
1883798262
1117897212
155110932
496816902
1836115632
969933252
1753503042
250214322
1733987442
332228652
2103630072
1003852842
1484822772
2120158392
620659152
440437002
1532289192
177242952
193232952
1542381432
1207885542
718730652
1755694992
1492558752
306819402
1313382222
32298882
1090593072
1455767142
312184512
1571425362
522733602
467253222
64161732
1052991462
2064965802
328282932
1179041592
1384549902
1411612722
1074858942
1034117502
690062952
2053590642
365718492
328853262
573008112
513139662
345774132
335087742
1553547042
1737194892
1003669422
1243219572
927425772
1453861032
1610950632
1087012902
344617212
1350489342
519577182
1837158042
856842552
1437879612
1138976742
1439737272
1909593822
1781150262
279649062
1614990912
1529394732
1581430662
608089512
1210344822
41050182
474486072
287476932
661727682
1689529452
263046882
1367651952
805074942
1100941872
810940152
1288389792
1420711452
1274313942
293678802
263906442
60248592
302431902
910361982
1626632622
607399392
1392636252
1772614182
1570858362
979004862
1648422012
690151182
1314997212
1199810112
352979172
1552043742
949102932
916506582
1822304742
1014403602
939806802
674101122
1129194612
743332572
452682822
687875892
1424044392
1265836332
1938224742
1745997642
1739032032
1728623622
59807232
1976038722
538970892
713727582
1029848292
1271982912
405145782
59328552
1564203192
1661215632
498379602
594416322
2107704492
1332270702
1385700372
571351902
899212482
1861265592
440392362
48512382
1762155672
344102412
838226682
1304235792
1991803422
570968082
1302719352
138839262
1404519522
224713482
2079145992
118696392
818058342
458131302
18970482
1212504552
1412853822
1681551702
1804468722
269869752
1240424952
1068446682
1642133712
64467942
1363875522
590783412
539778402
1378490322
97417692
1739121522
1072909392
628973922
1977922572
802110312
1637679222
1354847412
86882412
1148389272
1585510182
954087042
72767172
1204740252
75421152
1282920432
2089593042
808026582
761079522
370340022
372215832
1818095112
614228742
2073208002
2065609482
2080252092
1869267582
1187294832
1428020082
98750472
1358127672
1275538962
1885570332
1505175012
2053254762
1425193872
1603790022
1812938022
1875657222
786512382
1215848832
890897172
1229129802
1968984042
643983372
1994627382
1750541712
441246642
1508462952
634341702
263431482
1436504802
35610492
609306882
556976892
1909673652
1693869132
1909088622
1441962162
84692412
1110931872
855921672
531654312
2037349002
778419042
1407595542
1185922242
613928022
1728435162
340065252
1486876932
382914792
543435342
163120242
342225192
171266742
317173482
601180212
1016582202
777410712
1260724092
1539496872
1763289732
1639723032
793708452
1467094242
1936103922
1435500792
625066662
1365421272
1121964042
989660262
174523062
1330193952
121217712
423952272
817262412
495955962
939746862
191484792
1182298632
1668156342
1065533952
5108412
1701441912
1178545842
1365864672
965506152
2059641552
1785346242
407357172
893571732
1642535232
1932692832
1274300382
1092413262
1561285482
1204632882
316103202
1938532572
1933886322
1205225502
886651962
154266522
445311552
1411960092
14670582
243585492
1011421452
442469022
886228242
1168509582
1800047232
353683632
2102894442
836562162
441427902
1685277702
2110998402
316324152
1094189682
194564592
2101589532
180474402
1340270082
1319849742
1426929522
1376044422
1192568262
2131221582
2079887652
761413092
607818642
1386004242
1208344332
2037821892
135925242
490128252
424996962
2082227082
597055662
1190345112
2014891002
405605262
1981755252
1657084452
575642862
1777862802
1949202912
1577050812
2091182682
1963862262
346421832
832629372
2061740322
1887694422
998411352
654378672
1867579272
783839952
162379452
310832382
1212152172
1611679362
516213762
682741062
1044556032
1209330192
1267939962
214340892
1391221032
1421122662
184431792
683067342
1551506112
2037613842
522266682
1285316502
765455412
696149142
639749502
761591082
1516252512
1870394502
822281532
1048923462
476800032
461545782
1251309102
1242024072
588257352
774483702
1127352552
203713272
1433523042
705672432
1500736152
1578549342
1128267042
1224792642
1032738252
78414582
1467065052
1003797582
1776426702
55133502
109623522
779128572
892798782
366553842
518269782
1085108622
1418668572
497094342
70779042
632868582
1918197702
1403342622
1387726452
94153752
740947362
506122272
2096701422
473092872
254610522
906260292
295875072
2117953272
1807011162
1614250092
1036770042
2015202912
516112482
164568282
509581242
1596902802
1515299142
874825272
1925561322
246205692
1401485382
516175512
1849747662
808892112
2077569762
1585873752
1317733482
1835297982
304736652
1281181062
2139064212
354203742
170272062
792183492
757184352
647942712
1715203572
445105002
938943522
1017083892
601289562
1567501272
102275832
2128424922
858211842
952448022
1955515332
1331817612
265855272
998477082
520001022
1097644512
684765162
1554414042
2042307582
261395142
939914982
1026079122
255509592
2111404452
1003759752
1303836552
2088842352
156541902
72799332
1527812622
1967976672
1185903522
1198716192
1761738672
841780782
543059592
2050372362
1126309872
244922832
1267275132
802553862
769661952
1740213942
1417156002
2104711002
930613992
2049550662
579287562
1285490532
466932852
127979592
189289962
47347122
1729886682
973049322
1374674322
563784012
440017842
2079900192
90430992
917323512
151321812
160106412
1227972552
1479970092
2116896702
1717916442
1541267652
1101101952
1913513592
913526742
2080436712
611337972
567206892
1566584112
486530622
643028592
1512890382
1098281292
589743912
1668348762
