538980930
2144856870
137594340
1343166840
1908790560
1900806600
13821840
127796190
1978485780
639469890
528714300
413020200
9608340
176220330
370359690
1455194580
1145683230
786581790
552546240
2000408250
2038413990
2069264220
1034872890
528082800
433490340
1904092050
212061480
2019656670
2007782520
181663530
1844150220
2024075100
250690980
1443577560
153746610
654953730
960250170
1540916280
334078020
1442801130
828174180
1481951010
833878440
1902721530
1467267870
1167832680
532810890
222255180
328173180
664848390
434050140
117850320
377323770
1494964260
305647920
1449988170
965898840
493528980
2027898690
1495421850
911351430
1061904030
1831925640
2039339700
1343331780
2003396670
1332411990
1522844490
933330150
1523304630
329145570
1186393410
424771560
1215646650
1863005130
218346990
233707800
95335080
1143014970
2015291190
1459132740
111393150
1929870540
1108293720
1444403910
565409760
1799667540
514821810
2129360700
287108610
1284851970
1795382100
1191705780
533197860
1183485030
246962430
47158020
857808270
2045123970
51133800
1561941510
723373830
918052080
22565610
629001150
271240950
440804220
1614154380
1196052900
2127682200
776154600
1498075020
450352710
1236911760
1812014010
352896000
949750890
114337860
802568520
448212660
1491690270
807777090
1599263310
1774017660
286947300
1396848240
235871670
1589800320
1377577350
1904316540
235201680
712722060
1466414070
523317120
1689553410
387195060
711923010
1046048760
880483470
502179690
50078910
146912370
1234710480
509608620
900968580
1433668560
990187170
1375863390
2056685670
633924480
1419466050
1184485680
477416070
1524874020
944120670
1022377680
934371600
862965810
1386005970
17335500
542540700
917875020
476467710
213017700
1285141200
1931993190
1056801690
1709934870
2022125880
1657416030
1742767980
1675404150
1169054820
295409580
1879905990
796650720
108658890
113154360
2080322730
1821754380
1843627350
1505588700
890531940
450903540
2077093770
636137010
330513900
888987900
275426040
2025762000
1284443250
1905302550
1870134270
2033980650
170553300
133473930
972117360
417750930
2101286640
647934990
1947996510
54195990
1662486870
1767201840
1729703670
1489788210
767914770
570012330
756972330
1122159420
297602550
1013268750
1457740860
674113530
364193640
1900956420
696487500
19795200
1006604070
1054331820
134006790
1139099310
1080470370
750323700
75016050
1310667360
1249617780
1153653120
1515508200
1831479870
77512020
463729800
854751780
1988338800
913716600
2054890680
1027836510
253671450
110500680
1873425630
2005363440
1338231180
626378490
425051310
912221580
2052712920
1332718860
74690580
1750959930
1621881450
1257536550
1553112420
750304140
846028380
164513640
367643430
924467670
525506400
288915930
516480120
296601360
1067325000
39034380
2095808910
1245313530
1583391120
133242990
1441198080
1007785620
1200559710
910816650
879408810
1037896590
834264570
313724280
115001340
92239080
2103889110
292885080
1246420980
868339980
1676919420
2107730880
1466346750
477188640
1936734780
1413958980
1444563240
1041321900
1588746180
49524450
1050234150
1361672580
1083199800
529205190
688024200
1933808310
1679970000
1715196870
1503640770
1568513520
253635270
59891670
1871036790
1489405200
1751201400
1413529350
1052236500
1385833350
2035341840
1426889310
1346418030
2143335180
1720024260
28393230
546366870
1439721300
479649360
126108600
982824720
191851230
936123090
514806990
367866750
2008094730
700537920
129986820
98538630
1019752800
2065806540
1840273170
1548082260
949694490
1936360290
55632660
2057722980
721998720
18685260
1589831820
444425760
1385348640
2005824570
984032070
178657650
930896790
2069393970
1786902180
1269805200
1026702060
1784950230
1901792700
1875613980
828639120
1045952490
55724940
1307842530
728727630
2132339910
1687251000
1817147490
326089320
876652320
173505510
1947242940
1444427970
184945170
1446771960
632625900
705979020
1791549060
1872837690
369938070
449298720
1116571470
953059860
839037840
614246220
1455375030
1926176970
46177020
1489856160
979462230
59808600
1389105420
1631156130
804640890
1930422720
1210209690
869950410
792429930
1718751180
221374020
726920670
444119070
429471390
1573204260
272072730
1496131920
756664590
481321500
2006909070
938558430
1576552230
380257770
212716110
293363340
1803633450
1268894880
1185505560
1080748110
1032646470
1084044000
638684850
1565223510
1424878470
1443646170
126964500
1301335590
64810440
685375110
1752360270
1539022920
1714630590
2127249210
1962315930
1516628940
1983449340
1068574860
780350280
939991380
2056404150
1582777380
73960890
574815240
843503220
318133650
1615724220
948715260
261738600
534093570
1889498700
1925031360
729194670
518954820
1802882310
1992828300
28042860
1575574080
84837660
1530880740
481891200
375013140
2030515620
696338490
648272640
1182921030
362312550
77276220
241390470
1955420070
1929632820
579726360
2026949820
475682430
1008786690
280084800
2122784130
1325707200
937097340
436875480
604763820
218510550
309777480
2118820500
564645450
2010311670
1120332300
709003560
71646090
146094720
1728364770
1817425140
496556640
1059599310
1009681980
2126507520
334188570
1864800330
1620843630
2038389720
290107740
2117178360
671289420
2054568810
1994153400
1318703400
1416806760
589032330
1754511630
828536280
393381810
1742760690
814973280
247795170
1901203530
453985620
1443134610
882630000
2024131110
1356904380
1864222740
40017690
419948490
875460240
761793480
215657880
1139979600
389349060
1210173030
1567233810
1077380760
508537980
140618880
1698894720
1131390120
747953760
1774576860
1574201220
1576621200
484476660
1331888310
1005825120
1981102380
1964497230
1425356520
173032410
1421315400
470884470
871307280
1532783010
152285640
1903717500
1634758590
1055463690
1009069230
1064072040
1499190630
2061933690
2060631630
26284470
284710380
1313861520
1367133630
2077435710
1738060710
891960990
1941905310
1396164120
54773040
1152772320
1665210120
874784220
989022270
973864110
30414300
817629570
311413290
777606180
1639278390
205522200
1439429070
640229220
451287180
572489910
658072470
481013280
523991220
1495500960
302220210
505964250
708549570
66063360
1670354070
1804375050
843289920
631240080
1323079170
66419400
2074031580
533808240
770995560
2118086370
899326350
1312054260
861639540
1668692970
1476875460
997822650
1226045250
1012697700
424988340
713480190
554902200
109154310
462599130
1720889310
1202211900
1489536360
1798760790
2098449690
668849640
1052397750
2074636770
1238292180
970059180
1756876830
1864501020
346770000
1648425210
952328790
1048175310
1570658850
1069973940
1202198580
1905484950
2123117280
2103965670
1204641300
581010270
217768320
962286090
920024070
186353310
1844001600
1153901430
664402500
921473340
1360296270
848829120
827756970
1247997930
979824930
1498229730
701997930
1618647900
55854210
1685731800
46737330
521655600
240599970
1343109960
2069423520
464056080
724965150
505082970
1766922870
605749950
342638730
1859616390
931555440
1496493450
1352637810
48838680
206622090
97604130
798601980
1452747810
852838200
87717870
1616675310
799739100
2056203870
703227660
1099802520
2029992960
1728755280
1013083590
1063869630
1302481140
1648485780
898309470
1335773670
995717850
1239852090
312194550
289561410
1337534550
596994180
382199970
463966650
798603690
461932980
1026790680
182767230
1284773970
646358970
856637940
1218923910
1691899920
1363191360
1435314600
600836460
1684132350
2002787100
143842110
228335430
1428455430
316063800
1071322770
1271926500
905837430
432312510
1728315000
1216392930
1983832800
737979360
1213429080
1726607340
2049177750
151152360
1014767940
590874270
843950970
338949810
632610150
1338574890
1063523760
733658370
515479350
925480050
1052542890
2078431170
769846800
979982250
1214610630
402422130
1057048530
136038630
1882826280
735461130
684294960
2127092880
2074659360
1014698040
21102720
1284991290
233731800
1975398630
899734830
1341135930
623234850
1155799410
528530940
1745535930
160767270
624182310
2081331180
608571900
493249170
752614440
967407570
959175660
1732968690
1036993620
505846500
2086388640
1410777600
1022541420
1554934170
1828701870
1952673120
645890280
315620940
570551790
624156510
1337010
600949290
843544830
1693020150
13947060
484589520
477349650
2057286570
1758503220
835137450
1764360960
1795060470
1917584970
97529970
1774536600
17309460
1418894700
1573355490
2104018770
392071260
572543310
612293880
1277921610
936871740
609438660
899991360
1236481770
1071914970
581322840
1225576920
1694800320
1936843710
861354930
1455093450
1758453330
714512790
1385191080
45776520
390988620
1952068110
212048790
1338825750
1186074060
670950000
1990196670
1876893690
1434959040
48814830
1432155390
1464707760
1593148590
1801696470
1681430730
1155638400
1149914490
180205950
769459380
1662279510
45325200
2034213450
1544656050
556112370
1550748930
792697350
521258520
900909210
1821381120
521799630
309783690
1538989500
954234390
532497330
2105267730
1403132550
1436362290
1984802640
2069440890
133992510
970719120
1197144240
1310428320
1887838200
1095250140
252090
372110010
1196118540
1855836690
279933660
1439675730
61545810
1117557360
1133240760
777475320
9146910
895701000
225465840
600515310
895116360
734160060
935130810
143433750
1826793840
1619197830
1813198470
1633734360
314465940
286376700
1723792590
1782250440
1029602880
547081440
2018103000
135121560
1997204310
1843435560
557447040
642961830
449105070
1460474040
1509724080
703356270
2098465710
165411870
454651080
239571630
1188103710
671222040
689193030
1838847210
1365116730
1758377910
1804282080
168227070
1800002580
1205135310
655548060
1226620680
765713820
1573453320
641044800
865600950
1215691320
1387381080
970317450
1850018370
1275048390
1141081560
1514045760
571434390
1073803920
424855860
223472940
463711830
347086050
1442513640
2146304100
2066705280
1708019190
805842540
963062370
1592943540
1660947990
115012320
276779940
975682710
1741610880
1415067870
1038255720
1472904690
64025280
1477546110
1182512490
1557452220
338151240
1149000780
786483240
1728071520
1333921350
714912300
549000180
1806745380
1818582210
61455360
2088084960
1138462590
1836646830
1881807570
91039980
804637410
2008384800
985295610
373743960
1287140790
1182065490
1054392180
389902260
1653768960
1834558050
1410147240
951938640
104515710
1687013460
603561390
1832772510
535185000
619358430
761762760
352783560
807899850
916245900
1887092310
2115921510
999451650
215459400
1699391850
394469700
198563340
1724206290
971367000
916610430
86968980
737340480
1693192230
1543142400
740488530
1396544910
1360004700
219709830
510546870
1452274650
70059300
69164580
819127830
672288630
1253513400
985136730
94102740
1599420120
107272890
864350490
1436328870
1043429760
1709312550
2100396510
1430797350
411995730
500705400
1748372160
45514950
1077550440
569143620
1417552080
1850257770
627056160
704261580
1391559090
1836709800
499554060
1083392670
1814373300
32771910
251658870
1584449610
25333440
1847403390
452767830
1433204880
1457445540
7831230
1605105600
968292090
361575990
1665013770
185081460
1213312590
1052782920
1850964840
1065539640
1822851840
511331040
1080467460
1602602070
1984051470
517284360
1008364500
2044239030
670266090
949470510
1692159390
716950320
1407682050
669817440
887367420
395092470
1162664280
1429847130
1098703980
1340271570
1334263590
29198790
256338510
2003803020
1071997320
118762950
524390790
155233200
1471442460
1576472520
2019676770
473765250
279049740
1703009850
2113270470
421309530
748747410
967195230
542449950
92948340
695456190
1557629190
496228590
609507540
131930910
2095772100
711901020
1703454750
1749282480
1221975720
1922322270
1184390070
959813430
282424530
253055430
1084990950
419860320
634655040
506325030
1870333020
518680590
686907420
92253180
675172770
1766966250
1399357140
525765750
468284430
1502760
14344140
1159253610
1559325960
1305462990
1559352930
1790957670
2109701220
1616821200
1988466840
1160760990
1778416260
755368890
1622368950
1500315210
2036419200
146166300
948799020
104511300
1441317900
614407140
1813559160
68227650
1565682510
2132818950
1917649710
351969180
617252310
1329325170
1223887740
631969050
532883640
1168529490
1170910110
963898260
1208235960
304818870
1996506390
1793357670
110131710
1249826010
600782130
1274690850
1129469850
1927762470
380223420
43430880
269119830
1630435770
543868590
1835827890
133435830
1640276760
1641646860
828114060
2070241680
367542630
387612330
466877520
1110706410
1611776100
248258430
861211440
814663500
383725740
364899750
1109163930
489025110
1688210040
385698540
427285800
402313980
3538920
1565978190
687027660
318553440
1268966310
813943830
2085919920
949511190
1383434970
21631950
1758435600
1341117030
1401485340
163378440
830518800
1124268750
1424557800
112595370
1287438510
1774935990
332523900
1451618430
1562703120
722863860
1335752970
537919500
1723930770
415464120
543476460
1303078680
1026509970
1917592740
2112710490
278288640
1009277490
7075260
244143060
1534874010
186002940
371867040
791928510
1735824360
277622310
1957822590
1314328230
2003808750
321963960
621041760
1078335900
1888136550
772520850
168573330
92932680
2024319990
467877000
564800040
2052454200
293797560
263780490
1963066650
439541880
2099320380
1884157620
705146940
1704117960
961424730
341189100
583866210
571372230
1504492500
434889120
2025847410
1224691680
1113404220
143181870
1283230440
885731970
901801470
634161780
390022080
1381240050
291458850
1613623800
780271740
1796874000
1610728590
1395798510
1296933750
1153868880
526180680
1876556790
950312010
413833230
397814010
211664790
2012749080
1802624460
853820190
240795210
617507760
82950690
1930838730
1478110350
1323395640
1878124440
725077620
1063934370
901262280
1253711340
261576780
120192180
1563443550
992923170
2111781000
239951550
1020905370
656992500
759818460
395416530
1467811830
267564630
2098471290
1894714110
872730000
759236190
1343857950
2069484210
792577740
275103150
1918180710
2064105450
1986506370
1563629790
325464570
1845978690
1794323670
2119690320
1746365010
924894990
536070150
268355550
1291297530
1999165230
1999302900
1796744160
1181764560
528880500
313157940
1218666570
704096040
1229315760
264295020
953541780
1077634950
973406790
478220970
251838240
15280980
811625220
590262060
466577670
2084675340
1437435120
949221390
1372340310
1886802120
1376600250
1818771030
