1517114157
706595247
1112924157
1926288147
865036887
1671236277
135658197
466110057
1193206287
2015330697
7536387
1415922087
1801200267
1462035297
984328797
2007797247
1954893927
1990483257
1566168687
768914277
409298097
1441923987
241228137
628927647
462372507
349532607
1154435457
733924347
1756826067
1147553727
29871507
1251045237
1188567477
770487897
942197997
550366497
2037006567
1337289567
194745477
1243471677
1600839927
1373710827
81906207
812817957
1035297597
808799667
1384657797
577480287
1810795287
1195480887
174114627
1355759277
1550916567
1013645187
692951397
17549517
1909930617
495447357
2135432547
761348277
625300347
1914661977
1244821197
64253337
689862417
1137528567
1094408997
545247417
430351437
1584711747
815270217
2138073897
140782887
1679116587
1373359017
992529027
1137606087
1324724067
654418647
398546907
652755267
1133645757
2133132567
430077987
1736979177
1853487837
2039858247
2023484997
163376397
170986737
1905542397
1310096337
1327599267
530321247
1984031487
1811185557
2045770677
1108010247
712564047
477240807
510165057
2122916007
1807279617
1150189137
718840917
926617947
366151107
1255368597
768113637
360312957
1833055317
47834937
1930509387
1820989167
1609778727
224179227
1787649147
611111127
917416887
260208627
1370441607
69676377
370959657
372565737
1973445837
2107979517
264818067
1827832047
1767149787
2112292467
174111387
943400967
1098339747
1126556907
916393107
632866017
1136304297
1532091477
1373531547
1957324887
1940918877
1402744287
1570197297
1002748557
1655559927
1697492187
2080807227
1769564157
1224985587
1006874217
1243956177
169473087
770857287
570067827
1322618847
79433007
562940247
1323042117
873515187
1605295497
94283667
96744957
1626785247
810986187
26282307
1981406877
720966687
1501214787
1250626647
910104087
19909677
2041524207
1351865577
2015620587
285218697
42207807
1560856977
254141607
1356779637
131157297
1042468857
468079257
1720185717
1995182487
182529627
1582478067
708362217
1092050517
1358872707
1575394077
1523536947
550582797
366341697
1248017037
704521527
1318211547
517174437
1713566637
208259187
3668277
1396000797
334242147
1134560397
616799637
989118387
1012788987
1981657647
1263262197
117036507
2114304567
976217007
590076597
1000474167
911979837
553118667
574531317
59108847
1724689617
307693527
1529696697
243862917
35523507
569820597
1480180467
141147927
156288207
1415635887
963680877
226694667
596231997
1303277187
1446432027
1642653087
2145159657
662346747
1031354907
541602447
1651259217
1479193797
789240867
1862603757
1440827037
1130743047
1799988027
1385777967
311905257
972793257
693872037
581253717
1465934007
1982993997
1977567207
1474498587
878935077
675181017
59725257
4750047
1339810467
949119477
1935188757
470833437
193480797
915878937
1256843307
1524509547
802037937
2066068137
846559167
1637184507
1788939927
1018904967
390512367
3365937
168869427
872622747
139652007
1977102267
1264285107
380481867
879579567
255986097
342778947
1379051397
890875437
1566994197
1657640427
1628316957
483244497
2094248247
1733946297
200686527
325692357
1935076977
1792473327
418168797
1866887187
131922987
1979200107
2016242097
1983192777
356186277
1738782117
614612697
1866320997
724192887
1882017627
1276689447
2046330087
1527848787
311778687
1885835397
1539990357
542398917
301894707
81059487
72284487
1720621197
149467167
913493937
1497650997
593547627
1665431457
1417830177
1263609927
2092471167
1357490247
1323318027
1925696817
835259067
334023987
1827327957
235466487
1133156277
1108800687
27664977
679680417
836258757
139627977
156768777
1914374337
2061847617
2062328337
1175172207
1238180037
649818867
1117154097
1837041057
1519541127
1370271147
704087577
2014328427
429272127
2140907457
532941957
531707547
1837440387
539037297
750601197
1449954267
437177847
848734227
625454547
692043687
1917343317
578031117
1022856747
114498177
931387557
2144235477
1674406107
1613059077
721228887
1281247587
151835157
1558039017
467652447
1069703007
500129847
598202217
1540647177
1834433397
926813967
1139280717
1169787957
1807162437
573256887
248105877
1348807167
801579477
641315667
973797
1467912177
143421717
971011137
1153031637
1228544187
18834417
1807647057
1862621487
1177153917
1537638357
1748107857
502710447
1875279687
1355696037
1635100797
364506717
539128197
603156717
1316131557
358124187
1567020357
1776986097
652877907
406621017
1606045827
1683725907
147342237
1780231467
416237427
1132524837
1277120697
2040345897
682558107
85775727
740511807
1111239597
177605937
971861067
1213147707
746827797
1437142257
1516756317
713267037
864168717
1757548767
617716767
1122860847
582490797
1735382517
935157807
1689003537
1171353357
983137407
1202748567
1511065527
336702867
394872687
564952017
1553061147
2144384247
648888117
1038682947
1774726917
1046406327
987255267
1422487527
1017429327
1445958417
1298165067
529761357
231926637
584432637
1660354977
1584325797
1125466977
1506393147
140317287
1243750527
1634041557
419160297
355656507
1450854087
659893257
1881195027
79265637
657172677
1886460897
1924277067
1398893097
265842057
1369949757
707171037
482665917
1009474647
1632922737
629017827
1799243997
946360917
413170197
1658591997
957579987
320939487
1129133157
1717473807
1703548437
1919346027
1760149377
1023433947
2107306377
1595632347
175366257
1938693567
1784254857
1433589357
1330991487
624306447
1405530327
571709607
980368107
1019889597
2077703307
557906667
374913987
1172420757
1918803417
818374557
815713347
1544905407
455838897
1668100587
28497807
495419427
1992812097
529190067
1579555407
1701926427
967159887
1867432407
1549213707
471788067
1729840857
487959117
90999747
190696377
1901323797
1917477297
1950415707
74533527
716068827
421580817
320774487
40702857
370466067
1303764357
1737725037
1603143117
1696532157
661858647
1049641467
1182282297
428290017
621104787
1498970397
1452671037
103323927
76199307
227137647
1918312917
1292776017
927365427
560213127
886423437
1028115657
1606064037
1610446737
152325837
1856630127
513404937
419408127
365076987
242751147
474067887
160348197
1692349467
660694497
824382927
1378800897
1674173397
124300227
144924807
324056577
1691829747
599257047
467083677
1232643867
866475717
426065217
2115363837
1766843007
648157707
860668467
1165795257
633702837
1736764887
40062327
194886447
2133240267
767417247
705479127
1733800617
228571437
1368336327
216643497
527648997
897535467
1615134597
19255797
1873251747
473881137
858761787
316418247
1938062577
2099760507
44871027
1442961777
329405907
1339266537
23918487
468064047
541487427
2076219207
1831269657
2039886327
898515957
559604247
89313807
385903677
957051357
1372662447
1250988207
79895277
1545623877
1338306627
603957267
488027247
2071963947
1845336747
1530996597
2026807857
992579277
1868274087
621526827
1616496387
182966427
2055833427
830237697
1159957647
773570787
543198777
1027833357
526862697
992105607
909699927
604348887
1244512317
103267797
1548998607
1264394097
1593206367
562411017
475744317
843992937
231855477
1370897817
404059647
1149194547
151526727
1562207727
1733937897
1922868687
556885617
42930657
369414177
1650841197
942552117
1461234957
352935207
606706557
793316397
490346757
1172449767
1604327877
21690477
1066853457
20427867
1703158797
461765157
2015073447
898112427
58261917
2019138717
1437438657
1801936497
1071275547
712321377
1734678567
674874117
1603592817
1835112177
819059637
254049927
520809177
134913477
248934087
1501017777
793968027
274821417
761960067
2005217727
1192336017
1257318147
1882386297
1435457847
22327947
1591604487
1040305977
2002536717
52844847
1107470427
1950914637
955348287
700759077
1101834657
780571137
388152657
729043557
452221977
1363136517
630259977
1426744107
485803947
173762217
1276620597
1653120177
1737468447
1996461657
622007157
168602367
1862202927
762420777
2103771327
250969527
328719477
89269557
814310517
1024178847
666065817
94248567
83414727
1477782387
1757395677
426400557
481026957
1198663407
1155081717
1950762657
128815137
2111706567
1977659427
322886217
479917407
23281317
1731074547
1068949977
730931397
541305957
988490607
1956766167
1628800617
1855523787
823788207
305460987
1056107307
1566865317
1477485657
390270807
250012227
873876147
256438947
1228643157
656826327
308318757
927132597
1883847
611507277
56976147
539332467
300968457
1417709547
332261457
453635727
1512729777
1476420807
1943634747
457004697
489502827
214766907
397015047
1398287907
2102281827
453739137
100834467
844544157
1589875527
1319736447
351297837
62002587
689729307
753518637
1053012777
1522601307
945029097
628952937
1135355037
703554987
384674847
109626507
1365408297
406995837
542543127
775269537
1024997187
1183337847
405327687
1539487137
23750487
1547599137
1254869877
60273597
1658104827
775262127
1629883947
158096097
462403977
1991249367
442915467
96352437
2086927887
1933765677
877179837
1882355007
1199730537
1703572377
259558287
1114395357
1781630007
1865992227
1280496927
56039097
156623907
257085747
588158187
1932364077
1057588527
886462077
1404466707
1120600167
1932395427
986385537
1496413887
712851807
942129087
1196328207
2006702637
1245557277
1706414427
1046492037
1310374557
1544198397
1133288007
1869130647
1383856497
684809337
1668236607
506158617
116392407
412940577
1871133867
889539117
545653677
69819297
926853417
788415297
800059197
624999417
41368887
1002964467
373226427
1817521167
1158839097
421288257
1143422427
1272074367
796460127
788985777
1229019477
166758837
21953097
488687037
1590504597
1033763007
1566220077
1038248877
1977749397
1013491587
847706577
1011930987
827739087
910093947
153448887
1718923557
1105035327
438715527
603403527
561834537
206480247
733173327
1799403507
1371290007
1544123187
377252697
174471627
650626737
554016387
830634057
718135887
766541157
336981717
15500937
1934893467
1294362177
1881524307
681276447
1138723617
1207490577
1742857227
187447407
804279957
1969698147
1227004587
2032878957
682717527
1187570547
1459759527
1829345307
170024637
1488980157
1742570457
1300169037
772284537
1048275297
714904497
949307457
56459187
1729920867
578631087
1031499297
2133865287
1491510297
394171497
60690567
1123797837
1192537137
1614714807
1038894507
2051749347
1915838937
1142045007
1553197797
1764542997
880773447
1419961647
724577787
1280653887
1202133147
992220927
1061496987
1640089827
1607924367
1776426567
1812955167
1351771467
1705362537
1886800077
788858367
721454247
1963956747
2143348287
314178507
1181536017
1460434497
1740151647
2094174597
86674017
931410927
1529121507
1413031287
163829277
1858955487
889670667
603837297
806633427
647112507
588908337
1199757507
817319547
1384220217
944849907
1022705697
106544277
1921369347
1225298487
732104697
1012766367
1756413537
653017977
608944047
1894805067
1635043467
545808057
1645251777
747177267
722844477
583455297
791434737
850839717
1889240037
504751557
118693647
607156587
1200847197
1272553827
895260267
1461170697
614691207
2091032097
311850717
524908707
1793644647
1346506467
1186567917
593308317
1853986347
2135018487
1038596727
805095927
781431417
1403840727
2095752747
920916177
1142887497
135821307
1154521647
1238957337
828552957
2060688927
457980837
1784956737
1442528967
1284841467
1527875217
301988727
604321977
1002520587
86548497
2112119907
1388399817
278416017
48734307
143333487
1985638047
1286853357
829806117
972810327
1932433467
1856148027
451166877
343737987
849982197
1929347547
1915176327
180121047
38471697
1566048237
694966557
1379296317
1618295847
960818637
682280787
1586732427
2020506477
49701537
2021193477
1390671237
1939416957
838345047
930864177
1253836347
284143917
726086247
2000494137
365717157
878584017
264016947
1168930317
841105257
1945843827
174928437
253527087
2078000067
1557560817
236492577
169762287
1979656917
773087937
989725587
293410347
286097487
2146057617
1910404677
2024961117
786329817
2055761007
2136879387
1066048557
744648747
847382397
1455643557
1344715827
1576889187
1241041197
398992767
79421037
93802527
997996257
1127181237
1595167677
1966685607
1702577757
1164903597
461239377
1973300607
2126754387
1862162367
893785737
1899608337
285683307
1497111897
956492937
991239867
1064003007
1238068167
1311041067
1800547767
1085185677
1494481767
1469924007
1550745147
78748677
2054366277
2134375557
61116927
1036665207
99896277
1638535317
1797918537
891634227
134126307
2010022557
649109157
1886955087
1553965497
405521577
584970747
1360606947
731446287
34362507
356125947
2099310987
1018075137
188731227
1626057867
277678947
328835187
1106989497
1561242327
976974267
220042077
1398295047
1663130997
238223577
1791626757
2135110017
901357557
2112940527
1401850497
329056017
319114797
356062047
1894321677
1637925957
117668607
835524147
634936407
1488899577
2141243007
1186608327
682711647
1370580867
934517487
905329767
1590352257
992460627
554144727
1620915387
1806648957
1982326377
113244027
2069360757
302558847
625306587
880843767
1278946437
1553293257
512935527
1388557467
1164056757
826661667
1960579947
612659187
835117977
276227967
440879127
1949689047
270818367
396180087
904681887
1447013667
1509232437
1223194077
399796737
994544697
1242356637
836462337
586545327
739358337
2109697707
185774037
285997617
484288887
636690417
575150547
664278837
1396220487
317235507
12184317
1825257747
1566366897
638111607
1851598377
1178978037
1460738127
1172936907
1960829247
1388550417
1046727027
1044931707
1791945327
994145997
950947107
2028228567
1845103467
147705237
449965947
1005712467
1173387717
704587527
846237237
1804547577
1469583117
