1736067393
711300753
201738393
1229357613
732367083
1088407683
704811183
2114643063
822769683
1059200673
1852779423
1225162923
687726663
2041284723
273420753
399103773
163727163
1970286573
405008733
1612113543
112034973
988204353
1050248403
163784253
696560583
2072852493
1317793143
1773090333
1349781273
1867818933
1498890303
1370027583
1381431063
1550200143
302991633
1641523473
1414881573
385117683
953654613
879756693
2011760763
1680605373
2036357883
1727743803
1547160123
815971833
745948683
98234283
1497313803
178490493
1806951933
594319443
1685872083
552860463
969985923
1702858293
1288176753
1272922713
394808733
1115362323
226748943
1499897583
744036153
1083727113
1917122763
2079872883
510375153
2073045123
894693333
548702943
2130947283
1492746063
1185329133
479227653
871111383
1093076403
157988103
1874435343
1710817593
1817332473
868058073
1383003513
1071412923
1760899713
440969073
901797693
197201313
80124903
1085791653
932860833
839035143
1929209403
1925904963
515592183
2013848163
805400463
1188226053
97506813
2091710223
1490504073
2080860363
1888328433
1300361313
1936312653
1053867963
1499344413
193674093
351261663
452067333
796287153
1557994893
1497816513
39594813
995583183
1526534613
859879683
208790763
2065418943
1570504893
1800255153
837449283
1751627553
1781577963
468255873
1203915633
900417513
1261138383
1908679803
1051919883
145549713
1604871063
1658631633
1987243803
2026916343
1400812383
1046699943
2034727653
1138069143
930834123
32012283
1089578703
170075073
1637882523
1085008113
1546694043
330249453
677294223
1252220343
1272126693
1842056553
2138493303
2139252603
1849452633
2028053973
1834711593
1178741403
58729113
2090047113
169979253
1975858863
665445363
682295493
1493358933
1450985643
231305133
1340532003
591557013
802866303
1620969153
206541393
1076103273
303818823
1113771033
1731614073
1168793073
339193203
1063607253
250755933
340982943
847653933
1589467773
1663271493
1153458693
727269843
1492720413
2006961273
1554121773
2013081873
697738503
507092973
278058003
611160513
482232483
888306573
99782433
272681043
126680103
1415002383
1033785573
196389663
122716803
668873013
310719483
54353493
1749464343
1205247543
605969853
621438903
491507613
1277372973
1304269953
178748163
1611074133
1842532443
562182303
276023913
474072933
848067543
357647883
849670023
1954439223
974245563
455986923
940133613
1634809023
433561953
1490261373
1069818273
2144324793
1017180633
287042523
1009889433
210864363
987049743
1742889363
87113493
1460098233
1405897173
1879620873
391158093
247081683
131172663
1264153023
1116513603
954315933
65109003
747815223
1834313853
1630479783
926864613
170744313
709755873
475562883
119932953
1298249943
1457852073
1047572703
847358103
39077883
2019855783
137445753
1471683333
1267532433
574457403
1451604633
1467144903
342520023
1505544543
149216133
810222903
394279263
467582223
1403023353
1237943283
220749633
1067564463
562922103
523625673
1806885963
2147386833
1969944243
311029353
1975236423
895523283
243770583
1121483973
2094593643
81551433
7292283
61346073
1909416513
102407823
1035082653
1198606773
710882583
888087453
1003887123
787020333
2089091253
1746992433
858221793
561395013
1002686883
753572043
1187346363
1432149663
1494681603
79246683
1449130383
1170365553
410825433
1945675923
1487664693
1069259403
1928002953
869847513
1514030463
127130013
525474363
814014963
1424045463
480714933
1068909663
839002743
896028723
1091311473
873726843
447226683
1420311243
771883293
338938803
1630716363
1542602193
1601605923
347068533
428862573
92593743
1016853603
2076331713
1072565943
638071083
310253643
472853823
828133683
270781683
2093853093
381238743
1938314373
469061763
847756593
925648833
267751923
855434943
1759830483
162986163
1628195313
1601605773
1286155023
1144730163
802003833
1567262253
1985655483
869836203
1513827633
1255876293
177009123
982389723
1411834143
283617633
1565058873
58274073
326482743
1353852813
415398183
10240173
2035683243
648369873
1495323993
1168468443
1858653333
844754463
682911063
1157131233
2104952163
1143198453
715397763
1438049793
251632983
1600885683
1488195933
1958171643
988472253
1050963033
1532711553
1722618513
10713
1717769313
1773050583
225208023
562615023
1790011983
2111659653
1847979573
1176639093
1823738463
112200843
1107203283
492779253
2109820473
1156507173
878968443
415284993
499945923
645923613
2144503683
439833213
1934888793
375999873
1347357093
87855873
1962248043
1224760593
1810784463
1811772213
1793616543
791303283
1378756953
1573662483
639312213
1210902243
1507144413
1064246733
1858295913
1342297593
1344268233
838850943
306799263
1365434253
1447832433
454738863
1161168873
1643600313
1881739113
1327022553
1502196063
1208883843
512282313
766405083
1136637693
658250673
830308833
19745073
1623576033
2054569473
521292453
1098301443
384980373
1673811183
17916453
1533976383
1373285553
1984451013
1062566373
1108885203
941694813
1734978993
420358833
2140487643
984565563
705719883
1213390863
710482503
2138618343
653023593
167619873
310215933
687519663
375598203
520767243
1056447213
578756553
1048034793
164535543
1557671703
1744415073
978823083
100672863
595880493
602376423
667893813
1367281263
1696560153
1171202343
1939280973
119357163
414844263
38719533
921799713
88529763
1298477553
532108773
1030241703
900094533
1014006663
238624563
1541482803
622284993
2130302403
36594723
2135110983
1575107763
1618156923
1116630873
836380713
266452503
1851555843
979008453
6732453
1934794323
143445123
753293463
1027035123
1913131893
69832113
999464073
745863093
296578113
1745892813
1611774093
644538393
1458847923
560494473
2072321013
314012163
1744823163
991295283
2121291843
1374576093
1302226773
2147101713
1976788653
1125126303
1763540283
1253070963
985558953
1743298353
1950985113
190068993
1507449273
1779564813
1300558023
1823747883
777822903
363910713
1167446763
2011515573
64959483
1193117853
1406101683
1440934593
1261736403
1972676463
597329163
1708630113
1813575783
971053263
1811727903
471875373
617760663
1736068863
92648043
1102655103
232031793
1121102013
99461583
1198861683
337929723
970536123
1705315503
2014015863
42298233
25508643
468715833
100012053
861881673
51224313
1347182313
2018876703
1878626793
160073763
844522023
413936913
1420864353
980210313
959712993
852076923
1608514413
869305233
163378773
923341623
22760373
1424431083
1845177933
1514886063
1576777443
1580414763
588037473
1662218583
1645032543
727346643
1518038043
1590321303
1866275223
1089978303
797406183
5730153
1370986773
269135133
1899380823
1576215153
1213111443
1854591153
1535855913
1787039073
1687022163
1169387343
500430633
49274553
1381302033
58445643
851902233
1650906483
50092863
320223483
1043842533
474235353
1008344583
366079533
1989176973
762424053
1120369473
376829073
743869023
549236793
1473191043
1019176863
121956243
1212678333
1968094263
420881763
1907130453
1560112113
888519363
1289492133
121309473
2066809233
332948943
1391736333
1029055923
386729673
279498483
1798865793
1093972293
1283059413
168037893
988175373
342531213
872607843
1221169473
160691013
1991524533
222634113
723097923
988160193
1706157903
738595113
422566893
657415233
726602793
551625663
1309742673
1688280603
631678833
1367476203
670524003
2025145563
786621903
43626903
191940453
1274160183
754977273
79943823
290807313
672875043
1881804153
277189593
853103373
528835143
1832429673
1446121803
223701963
1382318553
380622783
1660318353
1665996993
2112533043
487034433
203988993
1166688963
1104135993
216661953
700599723
511307613
1801662423
1433364303
815789193
235007163
249048753
329191263
1185452463
1805485383
254255673
1526525313
1158587673
1525369353
1167580173
1212700893
1802399703
76543143
1381730193
250786413
784509423
1652575383
1268344683
1232569173
965030073
1582463673
2029467663
1216517883
814939593
1521895983
1723010493
1931103453
2037126753
409654203
784530453
886558383
1495830813
24936963
2053054443
1725660783
1756922313
2071656303
505986393
1219363293
1189292553
895299693
773592033
575610663
1182961323
520439223
151710243
862317453
1410929283
2122071903
879895023
1875923283
632897643
1286797443
1073445003
891525393
455689803
2044895583
1934738583
912821643
1233576483
1459495983
1221069093
1088108463
1793679063
1625846223
903397473
1907659083
1700866113
295930083
388814853
332970333
184721313
657589743
181181643
1918716903
1317491883
1596774393
2113958103
1342205253
316358283
332491383
1242936033
807601773
61461873
753498783
2064253233
958409943
1421727573
2111848653
573548853
689902173
1445111133
1015243353
1422396513
911755353
1491745683
678349503
2082372693
987594693
787524633
1112438733
1755636063
1930717083
1330823883
1338837423
1706286333
1709383713
255264933
471464133
605044083
2140187853
9413973
50558013
305939673
852233193
1687105293
1730896443
411042993
341085813
278457663
769389303
463909863
1874184303
762726363
323553753
1031441703
327055743
115096023
482617833
1781675913
1857062343
196836783
1567547673
1069694763
49882323
525125853
1058117553
984532233
1458411093
1077332103
607323183
1812957273
1786764543
1427468463
681846723
868378593
948002433
577721433
1832253693
506289483
1277332503
820175433
743423703
2023775343
2072664783
493066353
741228333
567016053
557793273
575371113
1443264243
1909035663
37570863
93302223
753285213
1961613483
622343973
504233583
2027806593
1999329453
80178453
437360043
1854518643
317180343
1603936833
1420269273
1652609223
749441613
250110513
2977053
24152283
1100424213
1730106483
809159193
1150016463
107550333
1968986913
453484893
547482783
1723190133
1320671133
656101473
1554522423
1251265893
383473683
1275710133
1535067003
1067894493
2085557853
417471123
1113769323
96586923
1381657653
23974053
77817183
1537760703
1156001703
1130947923
889621443
1482385293
938410383
743403513
1525507893
898839363
692795613
1130271273
1861570503
2084230833
783372063
1087995813
521300013
617133183
1175402553
19372053
198097593
1168964403
826755093
907633233
1944509373
293163573
382801953
139575903
2103493413
1889560053
1442642343
1090082163
1646803503
1939066953
727980213
1310623923
183573813
1342254693
1025787303
1443592803
13101813
377898633
2064147633
457522263
2066522253
1331550003
135248403
1632633093
1045908393
599694333
1698816393
987651483
1327913403
432582783
997796613
1750779813
1195272213
1378049853
1686871443
270758403
893825343
1114676823
210935223
1599107433
836898753
2138621973
945904443
278795043
533919873
1704532773
98018733
1956398373
999298293
1704160953
2050621863
448113873
1796687553
1194994893
644541213
1821822693
2058149793
1479905403
1829624913
2113180803
822035433
1165094553
1176003213
1255408293
651712863
2088000573
1302417723
283047663
539214243
256237023
1645344693
67382673
897431883
261426333
164336163
256639803
515642163
50930853
619030023
320030373
982067913
2001396273
1990177503
237063033
373266543
813576843
2033308623
211624713
613993533
1991632713
708011373
688615593
1741996443
283213503
1946131563
632541633
535361133
1442775273
907363473
2110967703
1561872033
995170053
1937401773
271460433
1180231203
2066293113
1156396173
1038140763
1874655513
725650653
140501613
658998573
1063440573
254206503
800714223
1661875623
1722483183
1075213533
66410913
1017446823
771279003
534471993
736291053
1205725473
1942672083
148329993
185329743
1093011873
756708633
990337293
747690873
1920739953
270549153
815310993
2057518953
758692143
920326503
108350013
670669893
1640437323
778255833
95109543
2133578253
1403363913
1476714183
506541213
1424379303
984251373
1149513693
777216783
1943422833
989684103
1214128053
1464609783
8242233
2142294813
635374533
1558418973
2066953983
1289045703
208221183
1654597053
306873963
712423053
1150067613
981304293
1081634193
742308993
1654202793
906956253
1594278993
585625113
1733665923
2129590503
1388030793
1879998723
491728353
1827696663
2091542643
737120823
1741237143
1803067443
974960133
1038359493
155154153
341954193
478837773
1296986133
686495223
1846685583
1219114023
1320301623
1037502663
549498003
971298123
915656403
1947881373
2118614553
492939513
701774073
1254990963
1162860993
106020093
260625843
897727983
1161723
1724580723
117898323
1603919253
1171343913
1144424523
1834324323
556200663
22243053
176837193
1883626653
1029901983
1594296783
1134443493
1730154393
894820773
451469313
111427863
2125003803
1680979053
1293414423
524621103
1811241993
1097830023
2000229903
1154969583
554908413
2024634363
616004583
1384483053
693314043
792865713
392075643
156351693
1916223873
1196342763
823903113
6894753
1088372973
1650573423
631074183
399594573
277012983
926225523
759201093
29272803
258851403
459943923
675822693
1359997653
379254543
2101608843
1323500763
1301965353
918744333
469164333
1920015153
1681467483
1019455053
1440120573
97413573
969736983
1506352443
1606787913
692402643
692991303
587171853
101290173
871451343
284781453
1325570703
1121645673
804889023
523944003
1062900753
1942215963
2145278853
166123983
1523028933
1300791933
1404715923
564540273
1386405603
513415923
185929803
1314998133
483589473
312233043
51756963
670455393
1586288853
1894758513
135754083
1445547273
181613493
547172943
166552953
1977229413
1132790613
827601963
232011243
1540383693
1685916693
1302620733
1698362013
232224873
977091213
1035747513
338303463
828298443
651290553
305256993
555564423
963784833
1249465263
1751578593
1252106403
423208863
1045258743
976279683
1704874353
228472983
1194226113
954777303
438643233
1409871483
375453783
1468512723
987037113
710575953
315209613
85005093
532320213
340262223
1044250923
1686772923
1414874253
1994336313
122783343
1636559433
2120669583
247172313
1829490933
152044383
496033443
1161368373
5580873
1788140433
981145293
1496853
1730657013
2118327003
1950554223
152066763
700229943
884352723
2119269483
693546933
1542682683
484264413
1332830733
943859343
1437690753
1373043153
1721663793
1954817193
105743823
294373203
229184703
2073892953
1221622083
1890418233
293798193
940552803
1934032533
1627224693
731262423
1589214513
45934383
662960163
1713222123
572738493
1984084473
1334548053
762668073
2111536653
252268503
744010743
1772658633
145598793
207747183
348003663
169810533
795738273
797324133
879052083
1883943603
1794293223
855608523
345516303
1003317153
585473403
1124467083
2013519603
1478342643
1922824083
124480173
998271363
1308104493
2009005293
1687113183
2045994513
648762063
2105662383
936493083
1859099883
1316764413
